2017-03-10 00:00:39 DEBUG FilterChainProxy:337 - / at position 1 of 12 in additional filter chain; firing Filter: 'SecurityContextPersistenceFilter'
2017-03-10 00:00:40 DEBUG HttpSessionSecurityContextRepository:136 - No HttpSession currently exists
2017-03-10 00:00:40 DEBUG HttpSessionSecurityContextRepository:90 - No SecurityContext was available from the HttpSession: null. A new one will be created.
2017-03-10 00:00:40 DEBUG FilterChainProxy:337 - / at position 2 of 12 in additional filter chain; firing Filter: 'WebAsyncManagerIntegrationFilter'
2017-03-10 00:00:40 DEBUG FilterChainProxy:337 - / at position 3 of 12 in additional filter chain; firing Filter: 'CsrfFilter'
2017-03-10 00:00:40 DEBUG FilterChainProxy:337 - / at position 4 of 12 in additional filter chain; firing Filter: 'LogoutFilter'
2017-03-10 00:00:40 DEBUG AntPathRequestMatcher:127 - Request 'GET /' doesn't match 'POST /j_spring_security_logout
2017-03-10 00:00:40 DEBUG FilterChainProxy:337 - / at position 5 of 12 in additional filter chain; firing Filter: 'UsernamePasswordAuthenticationFilter'
2017-03-10 00:00:40 DEBUG FilterChainProxy:337 - / at position 6 of 12 in additional filter chain; firing Filter: 'BasicAuthenticationFilter'
2017-03-10 00:00:40 DEBUG FilterChainProxy:337 - / at position 7 of 12 in additional filter chain; firing Filter: 'RequestCacheAwareFilter'
2017-03-10 00:00:40 DEBUG FilterChainProxy:337 - / at position 8 of 12 in additional filter chain; firing Filter: 'SecurityContextHolderAwareRequestFilter'
2017-03-10 00:00:40 DEBUG FilterChainProxy:337 - / at position 9 of 12 in additional filter chain; firing Filter: 'AnonymousAuthenticationFilter'
2017-03-10 00:00:40 DEBUG AnonymousAuthenticationFilter:102 - Populated SecurityContextHolder with anonymous token: 'org.springframework.security.authentication.AnonymousAuthenticationToken@9055c2bc: Principal: anonymousUser; Credentials: [PROTECTED]; Authenticated: true; Details: org.springframework.security.web.authentication.WebAuthenticationDetails@b364: RemoteIpAddress: 0:0:0:0:0:0:0:1; SessionId: null; Granted Authorities: ROLE_ANONYMOUS'
2017-03-10 00:00:40 DEBUG FilterChainProxy:337 - / at position 10 of 12 in additional filter chain; firing Filter: 'SessionManagementFilter'
2017-03-10 00:00:40 DEBUG SessionManagementFilter:92 - Requested session ID 97F6A2485B5C52DFAA8F4D527E57C54A is invalid.
2017-03-10 00:00:40 DEBUG FilterChainProxy:337 - / at position 11 of 12 in additional filter chain; firing Filter: 'ExceptionTranslationFilter'
2017-03-10 00:00:40 DEBUG FilterChainProxy:337 - / at position 12 of 12 in additional filter chain; firing Filter: 'FilterSecurityInterceptor'
2017-03-10 00:00:40 DEBUG AntPathRequestMatcher:145 - Checking match of request : '/'; against '/resources/**'
2017-03-10 00:00:40 DEBUG AntPathRequestMatcher:145 - Checking match of request : '/'; against '/admin**'
2017-03-10 00:00:40 DEBUG AntPathRequestMatcher:145 - Checking match of request : '/'; against '/superadmin**'
2017-03-10 00:00:40 DEBUG FilterSecurityInterceptor:185 - Public object - authentication not attempted
2017-03-10 00:00:40 DEBUG FilterChainProxy:323 - / reached end of additional filter chain; proceeding with original chain
2017-03-10 00:00:40 DEBUG DispatcherServlet:845 - DispatcherServlet with name 'mvc-dispatcher' processing GET request for [/mymess/]
2017-03-10 00:00:40 DEBUG RequestMappingHandlerMapping:297 - Looking up handler method for path /
2017-03-10 00:00:40 DEBUG RequestMappingHandlerMapping:302 - Returning handler method [public org.springframework.web.servlet.ModelAndView com.btechnoserve.mymess.controller.CommanController.login(com.btechnoserve.mymess.model.User,java.lang.String,java.lang.String,javax.servlet.http.HttpServletRequest)]
2017-03-10 00:00:40 DEBUG DefaultListableBeanFactory:248 - Returning cached instance of singleton bean 'commanController'
2017-03-10 00:00:40 DEBUG DispatcherServlet:931 - Last-Modified value for [/mymess/] is: -1
2017-03-10 00:00:40 DEBUG WebContentInterceptor:146 - Looking up cache seconds for [/]
2017-03-10 00:00:40 DEBUG WebContentInterceptor:158 - Applying default cache seconds to [/]
2017-03-10 00:00:40 DEBUG DefaultListableBeanFactory:1608 - Invoking afterPropertiesSet() on bean with name 'login'
2017-03-10 00:00:40 DEBUG DefaultListableBeanFactory:248 - Returning cached instance of singleton bean 'org.springframework.transaction.config.internalTransactionAdvisor'
2017-03-10 00:00:40 DEBUG DispatcherServlet:1225 - Rendering view [org.springframework.web.servlet.view.JstlView: name 'login'; URL [/WEB-INF/views/login.jsp]] in DispatcherServlet with name 'mvc-dispatcher'
2017-03-10 00:00:40 DEBUG JstlView:432 - Added model object 'member' of type [com.btechnoserve.mymess.model.User] to request in view with name 'login'
2017-03-10 00:00:40 DEBUG JstlView:432 - Added model object 'org.springframework.validation.BindingResult.member' of type [org.springframework.validation.BeanPropertyBindingResult] to request in view with name 'login'
2017-03-10 00:00:40 DEBUG DefaultListableBeanFactory:248 - Returning cached instance of singleton bean 'requestDataValueProcessor'
2017-03-10 00:00:40 DEBUG JstlView:166 - Forwarding to resource [/WEB-INF/views/login.jsp] in InternalResourceView 'login'
2017-03-10 00:00:41 DEBUG DefaultListableBeanFactory:248 - Returning cached instance of singleton bean 'requestDataValueProcessor'
2017-03-10 00:00:41 DEBUG BeanUtils:455 - No property editor [java.lang.StringEditor] found for type java.lang.String according to 'Editor' suffix convention
2017-03-10 00:00:41 DEBUG DispatcherServlet:996 - Successfully completed request
2017-03-10 00:00:41 DEBUG ExceptionTranslationFilter:115 - Chain processed normally
2017-03-10 00:00:41 DEBUG HttpSessionSecurityContextRepository:300 - SecurityContext is empty or contents are anonymous - context will not be stored in HttpSession.
2017-03-10 00:00:41 DEBUG SecurityContextPersistenceFilter:97 - SecurityContextHolder now cleared, as request processing completed
2017-03-10 00:00:41 DEBUG FilterChainProxy:337 - /resources/bootstrap/css/bootstrap.min.css at position 1 of 12 in additional filter chain; firing Filter: 'SecurityContextPersistenceFilter'
2017-03-10 00:00:41 DEBUG HttpSessionSecurityContextRepository:148 - HttpSession returned null object for SPRING_SECURITY_CONTEXT
2017-03-10 00:00:41 DEBUG HttpSessionSecurityContextRepository:90 - No SecurityContext was available from the HttpSession: org.apache.catalina.session.StandardSessionFacade@49303167. A new one will be created.
2017-03-10 00:00:41 DEBUG FilterChainProxy:337 - /resources/bootstrap/css/bootstrap.min.css at position 2 of 12 in additional filter chain; firing Filter: 'WebAsyncManagerIntegrationFilter'
2017-03-10 00:00:41 DEBUG FilterChainProxy:337 - /resources/viewCss/login.css at position 1 of 12 in additional filter chain; firing Filter: 'SecurityContextPersistenceFilter'
2017-03-10 00:00:41 DEBUG HttpSessionSecurityContextRepository:148 - HttpSession returned null object for SPRING_SECURITY_CONTEXT
2017-03-10 00:00:41 DEBUG HttpSessionSecurityContextRepository:90 - No SecurityContext was available from the HttpSession: org.apache.catalina.session.StandardSessionFacade@49303167. A new one will be created.
2017-03-10 00:00:41 DEBUG FilterChainProxy:337 - /resources/viewCss/login.css at position 2 of 12 in additional filter chain; firing Filter: 'WebAsyncManagerIntegrationFilter'
2017-03-10 00:00:41 DEBUG FilterChainProxy:337 - /resources/viewCss/login.css at position 3 of 12 in additional filter chain; firing Filter: 'CsrfFilter'
2017-03-10 00:00:41 DEBUG FilterChainProxy:337 - /resources/viewCss/login.css at position 4 of 12 in additional filter chain; firing Filter: 'LogoutFilter'
2017-03-10 00:00:41 DEBUG FilterChainProxy:337 - /resources/bootstrap/css/bootstrap.min.css at position 3 of 12 in additional filter chain; firing Filter: 'CsrfFilter'
2017-03-10 00:00:41 DEBUG FilterChainProxy:337 - /resources/plugins/jQuery/jquery-2.2.3.min.js at position 1 of 12 in additional filter chain; firing Filter: 'SecurityContextPersistenceFilter'
2017-03-10 00:00:41 DEBUG FilterChainProxy:337 - /resources/bootstrap/css/bootstrap.min.css at position 4 of 12 in additional filter chain; firing Filter: 'LogoutFilter'
2017-03-10 00:00:41 DEBUG AntPathRequestMatcher:127 - Request 'GET /resources/bootstrap/css/bootstrap.min.css' doesn't match 'POST /j_spring_security_logout
2017-03-10 00:00:41 DEBUG FilterChainProxy:337 - /resources/bootstrap/css/bootstrap.min.css at position 5 of 12 in additional filter chain; firing Filter: 'UsernamePasswordAuthenticationFilter'
2017-03-10 00:00:41 DEBUG FilterChainProxy:337 - /resources/bootstrap/css/bootstrap.min.css at position 6 of 12 in additional filter chain; firing Filter: 'BasicAuthenticationFilter'
2017-03-10 00:00:41 DEBUG FilterChainProxy:337 - /resources/viewJs/login.js at position 1 of 12 in additional filter chain; firing Filter: 'SecurityContextPersistenceFilter'
2017-03-10 00:00:41 DEBUG HttpSessionSecurityContextRepository:148 - HttpSession returned null object for SPRING_SECURITY_CONTEXT
2017-03-10 00:00:41 DEBUG AntPathRequestMatcher:127 - Request 'GET /resources/viewcss/login.css' doesn't match 'POST /j_spring_security_logout
2017-03-10 00:00:41 DEBUG FilterChainProxy:337 - /resources/viewCss/login.css at position 5 of 12 in additional filter chain; firing Filter: 'UsernamePasswordAuthenticationFilter'
2017-03-10 00:00:41 DEBUG FilterChainProxy:337 - /resources/viewCss/login.css at position 6 of 12 in additional filter chain; firing Filter: 'BasicAuthenticationFilter'
2017-03-10 00:00:41 DEBUG FilterChainProxy:337 - /resources/viewCss/login.css at position 7 of 12 in additional filter chain; firing Filter: 'RequestCacheAwareFilter'
2017-03-10 00:00:41 DEBUG FilterChainProxy:337 - /resources/viewCss/login.css at position 8 of 12 in additional filter chain; firing Filter: 'SecurityContextHolderAwareRequestFilter'
2017-03-10 00:00:41 DEBUG FilterChainProxy:337 - /resources/viewCss/login.css at position 9 of 12 in additional filter chain; firing Filter: 'AnonymousAuthenticationFilter'
2017-03-10 00:00:41 DEBUG HttpSessionSecurityContextRepository:90 - No SecurityContext was available from the HttpSession: org.apache.catalina.session.StandardSessionFacade@49303167. A new one will be created.
2017-03-10 00:00:41 DEBUG FilterChainProxy:337 - /resources/viewJs/login.js at position 2 of 12 in additional filter chain; firing Filter: 'WebAsyncManagerIntegrationFilter'
2017-03-10 00:00:41 DEBUG FilterChainProxy:337 - /resources/viewJs/login.js at position 3 of 12 in additional filter chain; firing Filter: 'CsrfFilter'
2017-03-10 00:00:41 DEBUG FilterChainProxy:337 - /resources/viewJs/login.js at position 4 of 12 in additional filter chain; firing Filter: 'LogoutFilter'
2017-03-10 00:00:41 DEBUG AntPathRequestMatcher:127 - Request 'GET /resources/viewjs/login.js' doesn't match 'POST /j_spring_security_logout
2017-03-10 00:00:41 DEBUG FilterChainProxy:337 - /resources/viewJs/login.js at position 5 of 12 in additional filter chain; firing Filter: 'UsernamePasswordAuthenticationFilter'
2017-03-10 00:00:41 DEBUG AnonymousAuthenticationFilter:102 - Populated SecurityContextHolder with anonymous token: 'org.springframework.security.authentication.AnonymousAuthenticationToken@6fa843a8: Principal: anonymousUser; Credentials: [PROTECTED]; Authenticated: true; Details: org.springframework.security.web.authentication.WebAuthenticationDetails@fffd3270: RemoteIpAddress: 0:0:0:0:0:0:0:1; SessionId: 63D303ABF238C1196B6FF638AD41574C; Granted Authorities: ROLE_ANONYMOUS'
2017-03-10 00:00:41 DEBUG FilterChainProxy:337 - /resources/viewCss/login.css at position 10 of 12 in additional filter chain; firing Filter: 'SessionManagementFilter'
2017-03-10 00:00:41 DEBUG FilterChainProxy:337 - /resources/viewCss/login.css at position 11 of 12 in additional filter chain; firing Filter: 'ExceptionTranslationFilter'
2017-03-10 00:00:41 DEBUG FilterChainProxy:337 - /resources/bootstrap/css/bootstrap.min.css at position 7 of 12 in additional filter chain; firing Filter: 'RequestCacheAwareFilter'
2017-03-10 00:00:41 DEBUG HttpSessionSecurityContextRepository:148 - HttpSession returned null object for SPRING_SECURITY_CONTEXT
2017-03-10 00:00:41 DEBUG FilterChainProxy:337 - /resources/bootstrap/css/bootstrap.min.css at position 8 of 12 in additional filter chain; firing Filter: 'SecurityContextHolderAwareRequestFilter'
2017-03-10 00:00:41 DEBUG FilterChainProxy:337 - /resources/viewCss/login.css at position 12 of 12 in additional filter chain; firing Filter: 'FilterSecurityInterceptor'
2017-03-10 00:00:41 DEBUG FilterChainProxy:337 - /resources/viewJs/login.js at position 6 of 12 in additional filter chain; firing Filter: 'BasicAuthenticationFilter'
2017-03-10 00:00:41 DEBUG FilterChainProxy:337 - /resources/viewJs/login.js at position 7 of 12 in additional filter chain; firing Filter: 'RequestCacheAwareFilter'
2017-03-10 00:00:41 DEBUG AntPathRequestMatcher:145 - Checking match of request : '/resources/viewcss/login.css'; against '/resources/**'
2017-03-10 00:00:41 DEBUG FilterChainProxy:337 - /resources/bootstrap/css/bootstrap.min.css at position 9 of 12 in additional filter chain; firing Filter: 'AnonymousAuthenticationFilter'
2017-03-10 00:00:41 DEBUG AnonymousAuthenticationFilter:102 - Populated SecurityContextHolder with anonymous token: 'org.springframework.security.authentication.AnonymousAuthenticationToken@6fa843a8: Principal: anonymousUser; Credentials: [PROTECTED]; Authenticated: true; Details: org.springframework.security.web.authentication.WebAuthenticationDetails@fffd3270: RemoteIpAddress: 0:0:0:0:0:0:0:1; SessionId: 63D303ABF238C1196B6FF638AD41574C; Granted Authorities: ROLE_ANONYMOUS'
2017-03-10 00:00:41 DEBUG FilterChainProxy:337 - /resources/bootstrap/css/bootstrap.min.css at position 10 of 12 in additional filter chain; firing Filter: 'SessionManagementFilter'
2017-03-10 00:00:41 DEBUG FilterChainProxy:337 - /resources/bootstrap/css/bootstrap.min.css at position 11 of 12 in additional filter chain; firing Filter: 'ExceptionTranslationFilter'
2017-03-10 00:00:41 DEBUG FilterChainProxy:337 - /resources/bootstrap/css/bootstrap.min.css at position 12 of 12 in additional filter chain; firing Filter: 'FilterSecurityInterceptor'
2017-03-10 00:00:41 DEBUG AntPathRequestMatcher:145 - Checking match of request : '/resources/bootstrap/css/bootstrap.min.css'; against '/resources/**'
2017-03-10 00:00:41 DEBUG FilterSecurityInterceptor:194 - Secure object: FilterInvocation: URL: /resources/bootstrap/css/bootstrap.min.css; Attributes: [permitAll]
2017-03-10 00:00:41 DEBUG FilterSecurityInterceptor:310 - Previously Authenticated: org.springframework.security.authentication.AnonymousAuthenticationToken@6fa843a8: Principal: anonymousUser; Credentials: [PROTECTED]; Authenticated: true; Details: org.springframework.security.web.authentication.WebAuthenticationDetails@fffd3270: RemoteIpAddress: 0:0:0:0:0:0:0:1; SessionId: 63D303ABF238C1196B6FF638AD41574C; Granted Authorities: ROLE_ANONYMOUS
2017-03-10 00:00:41 DEBUG HttpSessionSecurityContextRepository:90 - No SecurityContext was available from the HttpSession: org.apache.catalina.session.StandardSessionFacade@49303167. A new one will be created.
2017-03-10 00:00:41 DEBUG FilterChainProxy:337 - /resources/plugins/jQuery/jquery-2.2.3.min.js at position 2 of 12 in additional filter chain; firing Filter: 'WebAsyncManagerIntegrationFilter'
2017-03-10 00:00:41 DEBUG FilterChainProxy:337 - /resources/plugins/jQuery/jquery-2.2.3.min.js at position 3 of 12 in additional filter chain; firing Filter: 'CsrfFilter'
2017-03-10 00:00:41 DEBUG FilterChainProxy:337 - /resources/plugins/jQuery/jquery-2.2.3.min.js at position 4 of 12 in additional filter chain; firing Filter: 'LogoutFilter'
2017-03-10 00:00:41 DEBUG AntPathRequestMatcher:127 - Request 'GET /resources/plugins/jquery/jquery-2.2.3.min.js' doesn't match 'POST /j_spring_security_logout
2017-03-10 00:00:41 DEBUG FilterChainProxy:337 - /resources/plugins/jQuery/jquery-2.2.3.min.js at position 5 of 12 in additional filter chain; firing Filter: 'UsernamePasswordAuthenticationFilter'
2017-03-10 00:00:41 DEBUG FilterChainProxy:337 - /resources/plugins/jQuery/jquery-2.2.3.min.js at position 6 of 12 in additional filter chain; firing Filter: 'BasicAuthenticationFilter'
2017-03-10 00:00:41 DEBUG FilterChainProxy:337 - /resources/plugins/jQuery/jquery-2.2.3.min.js at position 7 of 12 in additional filter chain; firing Filter: 'RequestCacheAwareFilter'
2017-03-10 00:00:41 DEBUG FilterChainProxy:337 - /resources/plugins/jQuery/jquery-2.2.3.min.js at position 8 of 12 in additional filter chain; firing Filter: 'SecurityContextHolderAwareRequestFilter'
2017-03-10 00:00:41 DEBUG FilterChainProxy:337 - /resources/plugins/jQuery/jquery-2.2.3.min.js at position 9 of 12 in additional filter chain; firing Filter: 'AnonymousAuthenticationFilter'
2017-03-10 00:00:41 DEBUG AnonymousAuthenticationFilter:102 - Populated SecurityContextHolder with anonymous token: 'org.springframework.security.authentication.AnonymousAuthenticationToken@6fa843a8: Principal: anonymousUser; Credentials: [PROTECTED]; Authenticated: true; Details: org.springframework.security.web.authentication.WebAuthenticationDetails@fffd3270: RemoteIpAddress: 0:0:0:0:0:0:0:1; SessionId: 63D303ABF238C1196B6FF638AD41574C; Granted Authorities: ROLE_ANONYMOUS'
2017-03-10 00:00:41 DEBUG FilterChainProxy:337 - /resources/plugins/jQuery/jquery-2.2.3.min.js at position 10 of 12 in additional filter chain; firing Filter: 'SessionManagementFilter'
2017-03-10 00:00:41 DEBUG FilterChainProxy:337 - /resources/bootstrap/js/bootstrap.min.js at position 1 of 12 in additional filter chain; firing Filter: 'SecurityContextPersistenceFilter'
2017-03-10 00:00:41 DEBUG HttpSessionSecurityContextRepository:148 - HttpSession returned null object for SPRING_SECURITY_CONTEXT
2017-03-10 00:00:41 DEBUG HttpSessionSecurityContextRepository:90 - No SecurityContext was available from the HttpSession: org.apache.catalina.session.StandardSessionFacade@49303167. A new one will be created.
2017-03-10 00:00:41 DEBUG FilterChainProxy:337 - /resources/bootstrap/js/bootstrap.min.js at position 2 of 12 in additional filter chain; firing Filter: 'WebAsyncManagerIntegrationFilter'
2017-03-10 00:00:41 DEBUG FilterChainProxy:337 - /resources/bootstrap/js/bootstrap.min.js at position 3 of 12 in additional filter chain; firing Filter: 'CsrfFilter'
2017-03-10 00:00:41 DEBUG FilterChainProxy:337 - /resources/bootstrap/js/bootstrap.min.js at position 4 of 12 in additional filter chain; firing Filter: 'LogoutFilter'
2017-03-10 00:00:41 DEBUG AntPathRequestMatcher:127 - Request 'GET /resources/bootstrap/js/bootstrap.min.js' doesn't match 'POST /j_spring_security_logout
2017-03-10 00:00:41 DEBUG FilterChainProxy:337 - /resources/bootstrap/js/bootstrap.min.js at position 5 of 12 in additional filter chain; firing Filter: 'UsernamePasswordAuthenticationFilter'
2017-03-10 00:00:41 DEBUG FilterChainProxy:337 - /resources/bootstrap/js/bootstrap.min.js at position 6 of 12 in additional filter chain; firing Filter: 'BasicAuthenticationFilter'
2017-03-10 00:00:41 DEBUG FilterChainProxy:337 - /resources/bootstrap/js/bootstrap.min.js at position 7 of 12 in additional filter chain; firing Filter: 'RequestCacheAwareFilter'
2017-03-10 00:00:41 DEBUG FilterChainProxy:337 - /resources/bootstrap/js/bootstrap.min.js at position 8 of 12 in additional filter chain; firing Filter: 'SecurityContextHolderAwareRequestFilter'
2017-03-10 00:00:41 DEBUG FilterChainProxy:337 - /resources/bootstrap/js/bootstrap.min.js at position 9 of 12 in additional filter chain; firing Filter: 'AnonymousAuthenticationFilter'
2017-03-10 00:00:41 DEBUG AnonymousAuthenticationFilter:102 - Populated SecurityContextHolder with anonymous token: 'org.springframework.security.authentication.AnonymousAuthenticationToken@6fa843a8: Principal: anonymousUser; Credentials: [PROTECTED]; Authenticated: true; Details: org.springframework.security.web.authentication.WebAuthenticationDetails@fffd3270: RemoteIpAddress: 0:0:0:0:0:0:0:1; SessionId: 63D303ABF238C1196B6FF638AD41574C; Granted Authorities: ROLE_ANONYMOUS'
2017-03-10 00:00:41 DEBUG FilterChainProxy:337 - /resources/bootstrap/js/bootstrap.min.js at position 10 of 12 in additional filter chain; firing Filter: 'SessionManagementFilter'
2017-03-10 00:00:41 DEBUG FilterChainProxy:337 - /resources/bootstrap/js/bootstrap.min.js at position 11 of 12 in additional filter chain; firing Filter: 'ExceptionTranslationFilter'
2017-03-10 00:00:41 DEBUG FilterChainProxy:337 - /resources/bootstrap/js/bootstrap.min.js at position 12 of 12 in additional filter chain; firing Filter: 'FilterSecurityInterceptor'
2017-03-10 00:00:41 DEBUG AntPathRequestMatcher:145 - Checking match of request : '/resources/bootstrap/js/bootstrap.min.js'; against '/resources/**'
2017-03-10 00:00:41 DEBUG FilterSecurityInterceptor:194 - Secure object: FilterInvocation: URL: /resources/bootstrap/js/bootstrap.min.js; Attributes: [permitAll]
2017-03-10 00:00:41 DEBUG FilterSecurityInterceptor:310 - Previously Authenticated: org.springframework.security.authentication.AnonymousAuthenticationToken@6fa843a8: Principal: anonymousUser; Credentials: [PROTECTED]; Authenticated: true; Details: org.springframework.security.web.authentication.WebAuthenticationDetails@fffd3270: RemoteIpAddress: 0:0:0:0:0:0:0:1; SessionId: 63D303ABF238C1196B6FF638AD41574C; Granted Authorities: ROLE_ANONYMOUS
2017-03-10 00:00:41 DEBUG FilterSecurityInterceptor:194 - Secure object: FilterInvocation: URL: /resources/viewCss/login.css; Attributes: [permitAll]
2017-03-10 00:00:41 DEBUG FilterSecurityInterceptor:310 - Previously Authenticated: org.springframework.security.authentication.AnonymousAuthenticationToken@6fa843a8: Principal: anonymousUser; Credentials: [PROTECTED]; Authenticated: true; Details: org.springframework.security.web.authentication.WebAuthenticationDetails@fffd3270: RemoteIpAddress: 0:0:0:0:0:0:0:1; SessionId: 63D303ABF238C1196B6FF638AD41574C; Granted Authorities: ROLE_ANONYMOUS
2017-03-10 00:00:41 DEBUG FilterChainProxy:337 - /resources/viewJs/login.js at position 8 of 12 in additional filter chain; firing Filter: 'SecurityContextHolderAwareRequestFilter'
2017-03-10 00:00:41 DEBUG FilterChainProxy:337 - /resources/viewJs/login.js at position 9 of 12 in additional filter chain; firing Filter: 'AnonymousAuthenticationFilter'
2017-03-10 00:00:41 DEBUG AnonymousAuthenticationFilter:102 - Populated SecurityContextHolder with anonymous token: 'org.springframework.security.authentication.AnonymousAuthenticationToken@6fa843a8: Principal: anonymousUser; Credentials: [PROTECTED]; Authenticated: true; Details: org.springframework.security.web.authentication.WebAuthenticationDetails@fffd3270: RemoteIpAddress: 0:0:0:0:0:0:0:1; SessionId: 63D303ABF238C1196B6FF638AD41574C; Granted Authorities: ROLE_ANONYMOUS'
2017-03-10 00:00:41 DEBUG FilterChainProxy:337 - /resources/viewJs/login.js at position 10 of 12 in additional filter chain; firing Filter: 'SessionManagementFilter'
2017-03-10 00:00:41 DEBUG FilterChainProxy:337 - /resources/viewJs/login.js at position 11 of 12 in additional filter chain; firing Filter: 'ExceptionTranslationFilter'
2017-03-10 00:00:41 DEBUG FilterChainProxy:337 - /resources/viewJs/login.js at position 12 of 12 in additional filter chain; firing Filter: 'FilterSecurityInterceptor'
2017-03-10 00:00:41 DEBUG AntPathRequestMatcher:145 - Checking match of request : '/resources/viewjs/login.js'; against '/resources/**'
2017-03-10 00:00:41 DEBUG FilterSecurityInterceptor:194 - Secure object: FilterInvocation: URL: /resources/viewJs/login.js; Attributes: [permitAll]
2017-03-10 00:00:41 DEBUG FilterSecurityInterceptor:310 - Previously Authenticated: org.springframework.security.authentication.AnonymousAuthenticationToken@6fa843a8: Principal: anonymousUser; Credentials: [PROTECTED]; Authenticated: true; Details: org.springframework.security.web.authentication.WebAuthenticationDetails@fffd3270: RemoteIpAddress: 0:0:0:0:0:0:0:1; SessionId: 63D303ABF238C1196B6FF638AD41574C; Granted Authorities: ROLE_ANONYMOUS
2017-03-10 00:00:41 DEBUG FilterChainProxy:337 - /resources/plugins/jQuery/jquery-2.2.3.min.js at position 11 of 12 in additional filter chain; firing Filter: 'ExceptionTranslationFilter'
2017-03-10 00:00:41 DEBUG AffirmativeBased:65 - Voter: org.springframework.security.web.access.expression.WebExpressionVoter@18bb5f8c, returned: 1
2017-03-10 00:00:41 DEBUG FilterSecurityInterceptor:215 - Authorization successful
2017-03-10 00:00:41 DEBUG FilterSecurityInterceptor:227 - RunAsManager did not change Authentication object
2017-03-10 00:00:41 DEBUG FilterChainProxy:323 - /resources/viewJs/login.js reached end of additional filter chain; proceeding with original chain
2017-03-10 00:00:41 DEBUG DispatcherServlet:845 - DispatcherServlet with name 'mvc-dispatcher' processing GET request for [/mymess/resources/viewJs/login.js]
2017-03-10 00:00:41 DEBUG RequestMappingHandlerMapping:297 - Looking up handler method for path /resources/viewJs/login.js
2017-03-10 00:00:41 DEBUG RequestMappingHandlerMapping:305 - Did not find handler method for [/resources/viewJs/login.js]
2017-03-10 00:00:41 DEBUG AffirmativeBased:65 - Voter: org.springframework.security.web.access.expression.WebExpressionVoter@18bb5f8c, returned: 1
2017-03-10 00:00:41 DEBUG FilterSecurityInterceptor:215 - Authorization successful
2017-03-10 00:00:41 DEBUG FilterSecurityInterceptor:227 - RunAsManager did not change Authentication object
2017-03-10 00:00:41 DEBUG FilterChainProxy:323 - /resources/bootstrap/css/bootstrap.min.css reached end of additional filter chain; proceeding with original chain
2017-03-10 00:00:41 DEBUG DispatcherServlet:845 - DispatcherServlet with name 'mvc-dispatcher' processing GET request for [/mymess/resources/bootstrap/css/bootstrap.min.css]
2017-03-10 00:00:41 DEBUG RequestMappingHandlerMapping:297 - Looking up handler method for path /resources/bootstrap/css/bootstrap.min.css
2017-03-10 00:00:41 DEBUG SimpleUrlHandlerMapping:168 - Matching patterns for request [/resources/viewJs/login.js] are [/resources/**]
2017-03-10 00:00:41 DEBUG RequestMappingHandlerMapping:305 - Did not find handler method for [/resources/bootstrap/css/bootstrap.min.css]
2017-03-10 00:00:41 DEBUG SimpleUrlHandlerMapping:168 - Matching patterns for request [/resources/bootstrap/css/bootstrap.min.css] are [/resources/**]
2017-03-10 00:00:41 DEBUG AffirmativeBased:65 - Voter: org.springframework.security.web.access.expression.WebExpressionVoter@18bb5f8c, returned: 1
2017-03-10 00:00:41 DEBUG FilterSecurityInterceptor:215 - Authorization successful
2017-03-10 00:00:41 DEBUG AffirmativeBased:65 - Voter: org.springframework.security.web.access.expression.WebExpressionVoter@18bb5f8c, returned: 1
2017-03-10 00:00:41 DEBUG FilterSecurityInterceptor:227 - RunAsManager did not change Authentication object
2017-03-10 00:00:41 DEBUG SimpleUrlHandlerMapping:193 - URI Template variables for request [/resources/bootstrap/css/bootstrap.min.css] are {}
2017-03-10 00:00:41 DEBUG SimpleUrlHandlerMapping:193 - URI Template variables for request [/resources/viewJs/login.js] are {}
2017-03-10 00:00:41 DEBUG FilterChainProxy:337 - /resources/plugins/jQuery/jquery-2.2.3.min.js at position 12 of 12 in additional filter chain; firing Filter: 'FilterSecurityInterceptor'
2017-03-10 00:00:41 DEBUG FilterChainProxy:323 - /resources/viewCss/login.css reached end of additional filter chain; proceeding with original chain
2017-03-10 00:00:41 DEBUG DispatcherServlet:845 - DispatcherServlet with name 'mvc-dispatcher' processing GET request for [/mymess/resources/viewCss/login.css]
2017-03-10 00:00:41 DEBUG RequestMappingHandlerMapping:297 - Looking up handler method for path /resources/viewCss/login.css
2017-03-10 00:00:41 DEBUG FilterSecurityInterceptor:215 - Authorization successful
2017-03-10 00:00:41 DEBUG FilterSecurityInterceptor:227 - RunAsManager did not change Authentication object
2017-03-10 00:00:41 DEBUG FilterChainProxy:323 - /resources/bootstrap/js/bootstrap.min.js reached end of additional filter chain; proceeding with original chain
2017-03-10 00:00:41 DEBUG DispatcherServlet:845 - DispatcherServlet with name 'mvc-dispatcher' processing GET request for [/mymess/resources/bootstrap/js/bootstrap.min.js]
2017-03-10 00:00:41 DEBUG RequestMappingHandlerMapping:297 - Looking up handler method for path /resources/bootstrap/js/bootstrap.min.js
2017-03-10 00:00:41 DEBUG SimpleUrlHandlerMapping:123 - Mapping [/resources/viewJs/login.js] to HandlerExecutionChain with handler [ResourceHttpRequestHandler [locations=[ServletContext resource [/resources/theam/]], resolvers=[org.springframework.web.servlet.resource.PathResourceResolver@66a8d2e5]]] and 1 interceptor
2017-03-10 00:00:41 DEBUG RequestMappingHandlerMapping:305 - Did not find handler method for [/resources/bootstrap/js/bootstrap.min.js]
2017-03-10 00:00:41 DEBUG SimpleUrlHandlerMapping:168 - Matching patterns for request [/resources/bootstrap/js/bootstrap.min.js] are [/resources/**]
2017-03-10 00:00:41 DEBUG SimpleUrlHandlerMapping:193 - URI Template variables for request [/resources/bootstrap/js/bootstrap.min.js] are {}
2017-03-10 00:00:41 DEBUG SimpleUrlHandlerMapping:123 - Mapping [/resources/bootstrap/css/bootstrap.min.css] to HandlerExecutionChain with handler [ResourceHttpRequestHandler [locations=[ServletContext resource [/resources/theam/]], resolvers=[org.springframework.web.servlet.resource.PathResourceResolver@66a8d2e5]]] and 1 interceptor
2017-03-10 00:00:41 DEBUG AntPathRequestMatcher:145 - Checking match of request : '/resources/plugins/jquery/jquery-2.2.3.min.js'; against '/resources/**'
2017-03-10 00:00:41 DEBUG FilterSecurityInterceptor:194 - Secure object: FilterInvocation: URL: /resources/plugins/jQuery/jquery-2.2.3.min.js; Attributes: [permitAll]
2017-03-10 00:00:41 DEBUG FilterSecurityInterceptor:310 - Previously Authenticated: org.springframework.security.authentication.AnonymousAuthenticationToken@6fa843a8: Principal: anonymousUser; Credentials: [PROTECTED]; Authenticated: true; Details: org.springframework.security.web.authentication.WebAuthenticationDetails@fffd3270: RemoteIpAddress: 0:0:0:0:0:0:0:1; SessionId: 63D303ABF238C1196B6FF638AD41574C; Granted Authorities: ROLE_ANONYMOUS
2017-03-10 00:00:41 DEBUG DispatcherServlet:931 - Last-Modified value for [/mymess/resources/bootstrap/css/bootstrap.min.css] is: -1
2017-03-10 00:00:41 DEBUG SimpleUrlHandlerMapping:123 - Mapping [/resources/bootstrap/js/bootstrap.min.js] to HandlerExecutionChain with handler [ResourceHttpRequestHandler [locations=[ServletContext resource [/resources/theam/]], resolvers=[org.springframework.web.servlet.resource.PathResourceResolver@66a8d2e5]]] and 1 interceptor
2017-03-10 00:00:41 DEBUG DispatcherServlet:931 - Last-Modified value for [/mymess/resources/viewJs/login.js] is: -1
2017-03-10 00:00:41 DEBUG RequestMappingHandlerMapping:305 - Did not find handler method for [/resources/viewCss/login.css]
2017-03-10 00:00:41 DEBUG WebContentInterceptor:146 - Looking up cache seconds for [/resources/viewJs/login.js]
2017-03-10 00:00:41 DEBUG WebContentInterceptor:158 - Applying default cache seconds to [/resources/viewJs/login.js]
2017-03-10 00:00:41 DEBUG DispatcherServlet:931 - Last-Modified value for [/mymess/resources/bootstrap/js/bootstrap.min.js] is: -1
2017-03-10 00:00:41 DEBUG WebContentInterceptor:146 - Looking up cache seconds for [/resources/bootstrap/js/bootstrap.min.js]
2017-03-10 00:00:41 DEBUG WebContentInterceptor:158 - Applying default cache seconds to [/resources/bootstrap/js/bootstrap.min.js]
2017-03-10 00:00:41 DEBUG WebContentInterceptor:146 - Looking up cache seconds for [/resources/bootstrap/css/bootstrap.min.css]
2017-03-10 00:00:41 DEBUG WebContentInterceptor:158 - Applying default cache seconds to [/resources/bootstrap/css/bootstrap.min.css]
2017-03-10 00:00:41 DEBUG AffirmativeBased:65 - Voter: org.springframework.security.web.access.expression.WebExpressionVoter@18bb5f8c, returned: 1
2017-03-10 00:00:41 DEBUG SimpleUrlHandlerMapping:168 - Matching patterns for request [/resources/viewCss/login.css] are [/resources/**]
2017-03-10 00:00:41 DEBUG SimpleUrlHandlerMapping:193 - URI Template variables for request [/resources/viewCss/login.css] are {}
2017-03-10 00:00:41 DEBUG SimpleUrlHandlerMapping:123 - Mapping [/resources/viewCss/login.css] to HandlerExecutionChain with handler [ResourceHttpRequestHandler [locations=[ServletContext resource [/resources/theam/]], resolvers=[org.springframework.web.servlet.resource.PathResourceResolver@66a8d2e5]]] and 1 interceptor
2017-03-10 00:00:41 DEBUG DispatcherServlet:931 - Last-Modified value for [/mymess/resources/viewCss/login.css] is: -1
2017-03-10 00:00:41 DEBUG WebContentInterceptor:146 - Looking up cache seconds for [/resources/viewCss/login.css]
2017-03-10 00:00:41 DEBUG WebContentInterceptor:158 - Applying default cache seconds to [/resources/viewCss/login.css]
2017-03-10 00:00:41 DEBUG FilterSecurityInterceptor:215 - Authorization successful
2017-03-10 00:00:41 DEBUG FilterSecurityInterceptor:227 - RunAsManager did not change Authentication object
2017-03-10 00:00:41 DEBUG FilterChainProxy:323 - /resources/plugins/jQuery/jquery-2.2.3.min.js reached end of additional filter chain; proceeding with original chain
2017-03-10 00:00:41 DEBUG DispatcherServlet:845 - DispatcherServlet with name 'mvc-dispatcher' processing GET request for [/mymess/resources/plugins/jQuery/jquery-2.2.3.min.js]
2017-03-10 00:00:41 DEBUG RequestMappingHandlerMapping:297 - Looking up handler method for path /resources/plugins/jQuery/jquery-2.2.3.min.js
2017-03-10 00:00:41 DEBUG RequestMappingHandlerMapping:305 - Did not find handler method for [/resources/plugins/jQuery/jquery-2.2.3.min.js]
2017-03-10 00:00:41 DEBUG SimpleUrlHandlerMapping:168 - Matching patterns for request [/resources/plugins/jQuery/jquery-2.2.3.min.js] are [/resources/**]
2017-03-10 00:00:41 DEBUG SimpleUrlHandlerMapping:193 - URI Template variables for request [/resources/plugins/jQuery/jquery-2.2.3.min.js] are {}
2017-03-10 00:00:41 DEBUG SimpleUrlHandlerMapping:123 - Mapping [/resources/plugins/jQuery/jquery-2.2.3.min.js] to HandlerExecutionChain with handler [ResourceHttpRequestHandler [locations=[ServletContext resource [/resources/theam/]], resolvers=[org.springframework.web.servlet.resource.PathResourceResolver@66a8d2e5]]] and 1 interceptor
2017-03-10 00:00:41 DEBUG DispatcherServlet:931 - Last-Modified value for [/mymess/resources/plugins/jQuery/jquery-2.2.3.min.js] is: -1
2017-03-10 00:00:41 DEBUG WebContentInterceptor:146 - Looking up cache seconds for [/resources/plugins/jQuery/jquery-2.2.3.min.js]
2017-03-10 00:00:41 DEBUG WebContentInterceptor:158 - Applying default cache seconds to [/resources/plugins/jQuery/jquery-2.2.3.min.js]
2017-03-10 00:00:41 DEBUG HttpSessionSecurityContextRepository:300 - SecurityContext is empty or contents are anonymous - context will not be stored in HttpSession.
2017-03-10 00:00:41 DEBUG DispatcherServlet:1018 - Null ModelAndView returned to DispatcherServlet with name 'mvc-dispatcher': assuming HandlerAdapter completed request handling
2017-03-10 00:00:41 DEBUG DispatcherServlet:996 - Successfully completed request
2017-03-10 00:00:41 DEBUG ExceptionTranslationFilter:115 - Chain processed normally
2017-03-10 00:00:41 DEBUG SecurityContextPersistenceFilter:97 - SecurityContextHolder now cleared, as request processing completed
2017-03-10 00:00:41 DEBUG HttpSessionSecurityContextRepository:300 - SecurityContext is empty or contents are anonymous - context will not be stored in HttpSession.
2017-03-10 00:00:41 DEBUG HttpSessionSecurityContextRepository:300 - SecurityContext is empty or contents are anonymous - context will not be stored in HttpSession.
2017-03-10 00:00:41 DEBUG DispatcherServlet:1018 - Null ModelAndView returned to DispatcherServlet with name 'mvc-dispatcher': assuming HandlerAdapter completed request handling
2017-03-10 00:00:41 DEBUG DispatcherServlet:996 - Successfully completed request
2017-03-10 00:00:41 DEBUG DispatcherServlet:1018 - Null ModelAndView returned to DispatcherServlet with name 'mvc-dispatcher': assuming HandlerAdapter completed request handling
2017-03-10 00:00:41 DEBUG DispatcherServlet:996 - Successfully completed request
2017-03-10 00:00:41 DEBUG ExceptionTranslationFilter:115 - Chain processed normally
2017-03-10 00:00:41 DEBUG SecurityContextPersistenceFilter:97 - SecurityContextHolder now cleared, as request processing completed
2017-03-10 00:00:41 DEBUG HttpSessionSecurityContextRepository:300 - SecurityContext is empty or contents are anonymous - context will not be stored in HttpSession.
2017-03-10 00:00:41 DEBUG DispatcherServlet:1018 - Null ModelAndView returned to DispatcherServlet with name 'mvc-dispatcher': assuming HandlerAdapter completed request handling
2017-03-10 00:00:41 DEBUG DispatcherServlet:996 - Successfully completed request
2017-03-10 00:00:41 DEBUG ExceptionTranslationFilter:115 - Chain processed normally
2017-03-10 00:00:41 DEBUG SecurityContextPersistenceFilter:97 - SecurityContextHolder now cleared, as request processing completed
2017-03-10 00:00:41 DEBUG ExceptionTranslationFilter:115 - Chain processed normally
2017-03-10 00:00:41 DEBUG SecurityContextPersistenceFilter:97 - SecurityContextHolder now cleared, as request processing completed
2017-03-10 00:00:41 DEBUG HttpSessionSecurityContextRepository:300 - SecurityContext is empty or contents are anonymous - context will not be stored in HttpSession.
2017-03-10 00:00:41 DEBUG DispatcherServlet:1018 - Null ModelAndView returned to DispatcherServlet with name 'mvc-dispatcher': assuming HandlerAdapter completed request handling
2017-03-10 00:00:41 DEBUG DispatcherServlet:996 - Successfully completed request
2017-03-10 00:00:41 DEBUG ExceptionTranslationFilter:115 - Chain processed normally
2017-03-10 00:00:41 DEBUG SecurityContextPersistenceFilter:97 - SecurityContextHolder now cleared, as request processing completed
2017-03-10 00:00:44 DEBUG FilterChainProxy:337 - /member-registration at position 1 of 12 in additional filter chain; firing Filter: 'SecurityContextPersistenceFilter'
2017-03-10 00:00:44 DEBUG HttpSessionSecurityContextRepository:148 - HttpSession returned null object for SPRING_SECURITY_CONTEXT
2017-03-10 00:00:44 DEBUG HttpSessionSecurityContextRepository:90 - No SecurityContext was available from the HttpSession: org.apache.catalina.session.StandardSessionFacade@49303167. A new one will be created.
2017-03-10 00:00:44 DEBUG FilterChainProxy:337 - /member-registration at position 2 of 12 in additional filter chain; firing Filter: 'WebAsyncManagerIntegrationFilter'
2017-03-10 00:00:44 DEBUG FilterChainProxy:337 - /member-registration at position 3 of 12 in additional filter chain; firing Filter: 'CsrfFilter'
2017-03-10 00:00:44 DEBUG FilterChainProxy:337 - /member-registration at position 4 of 12 in additional filter chain; firing Filter: 'LogoutFilter'
2017-03-10 00:00:44 DEBUG AntPathRequestMatcher:127 - Request 'GET /member-registration' doesn't match 'POST /j_spring_security_logout
2017-03-10 00:00:44 DEBUG FilterChainProxy:337 - /member-registration at position 5 of 12 in additional filter chain; firing Filter: 'UsernamePasswordAuthenticationFilter'
2017-03-10 00:00:44 DEBUG FilterChainProxy:337 - /member-registration at position 6 of 12 in additional filter chain; firing Filter: 'BasicAuthenticationFilter'
2017-03-10 00:00:44 DEBUG FilterChainProxy:337 - /member-registration at position 7 of 12 in additional filter chain; firing Filter: 'RequestCacheAwareFilter'
2017-03-10 00:00:44 DEBUG FilterChainProxy:337 - /member-registration at position 8 of 12 in additional filter chain; firing Filter: 'SecurityContextHolderAwareRequestFilter'
2017-03-10 00:00:44 DEBUG FilterChainProxy:337 - /member-registration at position 9 of 12 in additional filter chain; firing Filter: 'AnonymousAuthenticationFilter'
2017-03-10 00:00:44 DEBUG AnonymousAuthenticationFilter:102 - Populated SecurityContextHolder with anonymous token: 'org.springframework.security.authentication.AnonymousAuthenticationToken@6fa843a8: Principal: anonymousUser; Credentials: [PROTECTED]; Authenticated: true; Details: org.springframework.security.web.authentication.WebAuthenticationDetails@fffd3270: RemoteIpAddress: 0:0:0:0:0:0:0:1; SessionId: 63D303ABF238C1196B6FF638AD41574C; Granted Authorities: ROLE_ANONYMOUS'
2017-03-10 00:00:44 DEBUG FilterChainProxy:337 - /member-registration at position 10 of 12 in additional filter chain; firing Filter: 'SessionManagementFilter'
2017-03-10 00:00:44 DEBUG FilterChainProxy:337 - /member-registration at position 11 of 12 in additional filter chain; firing Filter: 'ExceptionTranslationFilter'
2017-03-10 00:00:44 DEBUG FilterChainProxy:337 - /member-registration at position 12 of 12 in additional filter chain; firing Filter: 'FilterSecurityInterceptor'
2017-03-10 00:00:44 DEBUG AntPathRequestMatcher:145 - Checking match of request : '/member-registration'; against '/resources/**'
2017-03-10 00:00:44 DEBUG AntPathRequestMatcher:145 - Checking match of request : '/member-registration'; against '/admin**'
2017-03-10 00:00:44 DEBUG AntPathRequestMatcher:145 - Checking match of request : '/member-registration'; against '/superadmin**'
2017-03-10 00:00:44 DEBUG FilterSecurityInterceptor:185 - Public object - authentication not attempted
2017-03-10 00:00:44 DEBUG FilterChainProxy:323 - /member-registration reached end of additional filter chain; proceeding with original chain
2017-03-10 00:00:44 DEBUG DispatcherServlet:845 - DispatcherServlet with name 'mvc-dispatcher' processing GET request for [/mymess/member-registration]
2017-03-10 00:00:44 DEBUG RequestMappingHandlerMapping:297 - Looking up handler method for path /member-registration
2017-03-10 00:00:44 DEBUG RequestMappingHandlerMapping:302 - Returning handler method [public org.springframework.web.servlet.ModelAndView com.btechnoserve.mymess.controller.web.registration.RegistrationController.getMemberRegPage(com.btechnoserve.mymess.model.User)]
2017-03-10 00:00:44 DEBUG DefaultListableBeanFactory:248 - Returning cached instance of singleton bean 'registrationController'
2017-03-10 00:00:44 DEBUG DispatcherServlet:931 - Last-Modified value for [/mymess/member-registration] is: -1
2017-03-10 00:00:44 DEBUG WebContentInterceptor:146 - Looking up cache seconds for [/member-registration]
2017-03-10 00:00:44 DEBUG WebContentInterceptor:158 - Applying default cache seconds to [/member-registration]
2017-03-10 00:00:44 DEBUG DefaultListableBeanFactory:1608 - Invoking afterPropertiesSet() on bean with name 'member-registration'
2017-03-10 00:00:44 DEBUG DefaultListableBeanFactory:248 - Returning cached instance of singleton bean 'org.springframework.transaction.config.internalTransactionAdvisor'
2017-03-10 00:00:44 DEBUG DispatcherServlet:1225 - Rendering view [org.springframework.web.servlet.view.JstlView: name 'member-registration'; URL [/WEB-INF/views/member-registration.jsp]] in DispatcherServlet with name 'mvc-dispatcher'
2017-03-10 00:00:44 DEBUG JstlView:432 - Added model object 'member' of type [com.btechnoserve.mymess.model.User] to request in view with name 'member-registration'
2017-03-10 00:00:44 DEBUG JstlView:432 - Added model object 'org.springframework.validation.BindingResult.member' of type [org.springframework.validation.BeanPropertyBindingResult] to request in view with name 'member-registration'
2017-03-10 00:00:44 DEBUG DefaultListableBeanFactory:248 - Returning cached instance of singleton bean 'requestDataValueProcessor'
2017-03-10 00:00:44 DEBUG JstlView:166 - Forwarding to resource [/WEB-INF/views/member-registration.jsp] in InternalResourceView 'member-registration'
2017-03-10 00:00:44 DEBUG DefaultListableBeanFactory:248 - Returning cached instance of singleton bean 'requestDataValueProcessor'
2017-03-10 00:00:44 DEBUG DispatcherServlet:996 - Successfully completed request
2017-03-10 00:00:44 DEBUG ExceptionTranslationFilter:115 - Chain processed normally
2017-03-10 00:00:44 DEBUG HttpSessionSecurityContextRepository:300 - SecurityContext is empty or contents are anonymous - context will not be stored in HttpSession.
2017-03-10 00:00:44 DEBUG SecurityContextPersistenceFilter:97 - SecurityContextHolder now cleared, as request processing completed
2017-03-10 00:00:44 DEBUG FilterChainProxy:337 - /resources/viewCss/register.css at position 1 of 12 in additional filter chain; firing Filter: 'SecurityContextPersistenceFilter'
2017-03-10 00:00:44 DEBUG FilterChainProxy:337 - /resources/viewJs/register.js at position 1 of 12 in additional filter chain; firing Filter: 'SecurityContextPersistenceFilter'
2017-03-10 00:00:44 DEBUG HttpSessionSecurityContextRepository:148 - HttpSession returned null object for SPRING_SECURITY_CONTEXT
2017-03-10 00:00:44 DEBUG HttpSessionSecurityContextRepository:90 - No SecurityContext was available from the HttpSession: org.apache.catalina.session.StandardSessionFacade@49303167. A new one will be created.
2017-03-10 00:00:44 DEBUG HttpSessionSecurityContextRepository:148 - HttpSession returned null object for SPRING_SECURITY_CONTEXT
2017-03-10 00:00:44 DEBUG FilterChainProxy:337 - /resources/viewJs/register.js at position 2 of 12 in additional filter chain; firing Filter: 'WebAsyncManagerIntegrationFilter'
2017-03-10 00:00:44 DEBUG HttpSessionSecurityContextRepository:90 - No SecurityContext was available from the HttpSession: org.apache.catalina.session.StandardSessionFacade@49303167. A new one will be created.
2017-03-10 00:00:44 DEBUG FilterChainProxy:337 - /resources/viewJs/register.js at position 3 of 12 in additional filter chain; firing Filter: 'CsrfFilter'
2017-03-10 00:00:44 DEBUG FilterChainProxy:337 - /resources/viewCss/register.css at position 2 of 12 in additional filter chain; firing Filter: 'WebAsyncManagerIntegrationFilter'
2017-03-10 00:00:44 DEBUG FilterChainProxy:337 - /resources/viewJs/register.js at position 4 of 12 in additional filter chain; firing Filter: 'LogoutFilter'
2017-03-10 00:00:44 DEBUG FilterChainProxy:337 - /resources/viewCss/register.css at position 3 of 12 in additional filter chain; firing Filter: 'CsrfFilter'
2017-03-10 00:00:44 DEBUG AntPathRequestMatcher:127 - Request 'GET /resources/viewjs/register.js' doesn't match 'POST /j_spring_security_logout
2017-03-10 00:00:44 DEBUG FilterChainProxy:337 - /resources/viewCss/register.css at position 4 of 12 in additional filter chain; firing Filter: 'LogoutFilter'
2017-03-10 00:00:44 DEBUG FilterChainProxy:337 - /resources/viewJs/register.js at position 5 of 12 in additional filter chain; firing Filter: 'UsernamePasswordAuthenticationFilter'
2017-03-10 00:00:44 DEBUG AntPathRequestMatcher:127 - Request 'GET /resources/viewcss/register.css' doesn't match 'POST /j_spring_security_logout
2017-03-10 00:00:44 DEBUG FilterChainProxy:337 - /resources/viewJs/register.js at position 6 of 12 in additional filter chain; firing Filter: 'BasicAuthenticationFilter'
2017-03-10 00:00:44 DEBUG FilterChainProxy:337 - /resources/viewCss/register.css at position 5 of 12 in additional filter chain; firing Filter: 'UsernamePasswordAuthenticationFilter'
2017-03-10 00:00:44 DEBUG FilterChainProxy:337 - /resources/viewJs/register.js at position 7 of 12 in additional filter chain; firing Filter: 'RequestCacheAwareFilter'
2017-03-10 00:00:44 DEBUG FilterChainProxy:337 - /resources/viewCss/register.css at position 6 of 12 in additional filter chain; firing Filter: 'BasicAuthenticationFilter'
2017-03-10 00:00:44 DEBUG FilterChainProxy:337 - /resources/viewJs/register.js at position 8 of 12 in additional filter chain; firing Filter: 'SecurityContextHolderAwareRequestFilter'
2017-03-10 00:00:44 DEBUG FilterChainProxy:337 - /resources/viewCss/register.css at position 7 of 12 in additional filter chain; firing Filter: 'RequestCacheAwareFilter'
2017-03-10 00:00:44 DEBUG FilterChainProxy:337 - /resources/viewJs/register.js at position 9 of 12 in additional filter chain; firing Filter: 'AnonymousAuthenticationFilter'
2017-03-10 00:00:44 DEBUG FilterChainProxy:337 - /resources/viewCss/register.css at position 8 of 12 in additional filter chain; firing Filter: 'SecurityContextHolderAwareRequestFilter'
2017-03-10 00:00:44 DEBUG FilterChainProxy:337 - /resources/viewCss/register.css at position 9 of 12 in additional filter chain; firing Filter: 'AnonymousAuthenticationFilter'
2017-03-10 00:00:44 DEBUG AnonymousAuthenticationFilter:102 - Populated SecurityContextHolder with anonymous token: 'org.springframework.security.authentication.AnonymousAuthenticationToken@6fa843a8: Principal: anonymousUser; Credentials: [PROTECTED]; Authenticated: true; Details: org.springframework.security.web.authentication.WebAuthenticationDetails@fffd3270: RemoteIpAddress: 0:0:0:0:0:0:0:1; SessionId: 63D303ABF238C1196B6FF638AD41574C; Granted Authorities: ROLE_ANONYMOUS'
2017-03-10 00:00:44 DEBUG FilterChainProxy:337 - /resources/viewCss/register.css at position 10 of 12 in additional filter chain; firing Filter: 'SessionManagementFilter'
2017-03-10 00:00:44 DEBUG FilterChainProxy:337 - /resources/viewCss/register.css at position 11 of 12 in additional filter chain; firing Filter: 'ExceptionTranslationFilter'
2017-03-10 00:00:44 DEBUG FilterChainProxy:337 - /resources/viewCss/register.css at position 12 of 12 in additional filter chain; firing Filter: 'FilterSecurityInterceptor'
2017-03-10 00:00:44 DEBUG AntPathRequestMatcher:145 - Checking match of request : '/resources/viewcss/register.css'; against '/resources/**'
2017-03-10 00:00:44 DEBUG FilterSecurityInterceptor:194 - Secure object: FilterInvocation: URL: /resources/viewCss/register.css; Attributes: [permitAll]
2017-03-10 00:00:44 DEBUG FilterSecurityInterceptor:310 - Previously Authenticated: org.springframework.security.authentication.AnonymousAuthenticationToken@6fa843a8: Principal: anonymousUser; Credentials: [PROTECTED]; Authenticated: true; Details: org.springframework.security.web.authentication.WebAuthenticationDetails@fffd3270: RemoteIpAddress: 0:0:0:0:0:0:0:1; SessionId: 63D303ABF238C1196B6FF638AD41574C; Granted Authorities: ROLE_ANONYMOUS
2017-03-10 00:00:44 DEBUG AffirmativeBased:65 - Voter: org.springframework.security.web.access.expression.WebExpressionVoter@18bb5f8c, returned: 1
2017-03-10 00:00:44 DEBUG FilterSecurityInterceptor:215 - Authorization successful
2017-03-10 00:00:44 DEBUG FilterSecurityInterceptor:227 - RunAsManager did not change Authentication object
2017-03-10 00:00:44 DEBUG AnonymousAuthenticationFilter:102 - Populated SecurityContextHolder with anonymous token: 'org.springframework.security.authentication.AnonymousAuthenticationToken@6fa843a8: Principal: anonymousUser; Credentials: [PROTECTED]; Authenticated: true; Details: org.springframework.security.web.authentication.WebAuthenticationDetails@fffd3270: RemoteIpAddress: 0:0:0:0:0:0:0:1; SessionId: 63D303ABF238C1196B6FF638AD41574C; Granted Authorities: ROLE_ANONYMOUS'
2017-03-10 00:00:44 DEBUG FilterChainProxy:323 - /resources/viewCss/register.css reached end of additional filter chain; proceeding with original chain
2017-03-10 00:00:44 DEBUG FilterChainProxy:337 - /resources/viewJs/register.js at position 10 of 12 in additional filter chain; firing Filter: 'SessionManagementFilter'
2017-03-10 00:00:44 DEBUG DispatcherServlet:845 - DispatcherServlet with name 'mvc-dispatcher' processing GET request for [/mymess/resources/viewCss/register.css]
2017-03-10 00:00:44 DEBUG RequestMappingHandlerMapping:297 - Looking up handler method for path /resources/viewCss/register.css
2017-03-10 00:00:44 DEBUG FilterChainProxy:337 - /resources/viewJs/register.js at position 11 of 12 in additional filter chain; firing Filter: 'ExceptionTranslationFilter'
2017-03-10 00:00:44 DEBUG FilterChainProxy:337 - /resources/viewJs/register.js at position 12 of 12 in additional filter chain; firing Filter: 'FilterSecurityInterceptor'
2017-03-10 00:00:44 DEBUG AntPathRequestMatcher:145 - Checking match of request : '/resources/viewjs/register.js'; against '/resources/**'
2017-03-10 00:00:44 DEBUG FilterSecurityInterceptor:194 - Secure object: FilterInvocation: URL: /resources/viewJs/register.js; Attributes: [permitAll]
2017-03-10 00:00:44 DEBUG FilterSecurityInterceptor:310 - Previously Authenticated: org.springframework.security.authentication.AnonymousAuthenticationToken@6fa843a8: Principal: anonymousUser; Credentials: [PROTECTED]; Authenticated: true; Details: org.springframework.security.web.authentication.WebAuthenticationDetails@fffd3270: RemoteIpAddress: 0:0:0:0:0:0:0:1; SessionId: 63D303ABF238C1196B6FF638AD41574C; Granted Authorities: ROLE_ANONYMOUS
2017-03-10 00:00:44 DEBUG AffirmativeBased:65 - Voter: org.springframework.security.web.access.expression.WebExpressionVoter@18bb5f8c, returned: 1
2017-03-10 00:00:44 DEBUG FilterSecurityInterceptor:215 - Authorization successful
2017-03-10 00:00:44 DEBUG FilterSecurityInterceptor:227 - RunAsManager did not change Authentication object
2017-03-10 00:00:44 DEBUG RequestMappingHandlerMapping:305 - Did not find handler method for [/resources/viewCss/register.css]
2017-03-10 00:00:44 DEBUG FilterChainProxy:323 - /resources/viewJs/register.js reached end of additional filter chain; proceeding with original chain
2017-03-10 00:00:44 DEBUG SimpleUrlHandlerMapping:168 - Matching patterns for request [/resources/viewCss/register.css] are [/resources/**]
2017-03-10 00:00:44 DEBUG DispatcherServlet:845 - DispatcherServlet with name 'mvc-dispatcher' processing GET request for [/mymess/resources/viewJs/register.js]
2017-03-10 00:00:44 DEBUG SimpleUrlHandlerMapping:193 - URI Template variables for request [/resources/viewCss/register.css] are {}
2017-03-10 00:00:44 DEBUG SimpleUrlHandlerMapping:123 - Mapping [/resources/viewCss/register.css] to HandlerExecutionChain with handler [ResourceHttpRequestHandler [locations=[ServletContext resource [/resources/theam/]], resolvers=[org.springframework.web.servlet.resource.PathResourceResolver@66a8d2e5]]] and 1 interceptor
2017-03-10 00:00:44 DEBUG DispatcherServlet:931 - Last-Modified value for [/mymess/resources/viewCss/register.css] is: -1
2017-03-10 00:00:44 DEBUG WebContentInterceptor:146 - Looking up cache seconds for [/resources/viewCss/register.css]
2017-03-10 00:00:44 DEBUG RequestMappingHandlerMapping:297 - Looking up handler method for path /resources/viewJs/register.js
2017-03-10 00:00:44 DEBUG RequestMappingHandlerMapping:305 - Did not find handler method for [/resources/viewJs/register.js]
2017-03-10 00:00:44 DEBUG SimpleUrlHandlerMapping:168 - Matching patterns for request [/resources/viewJs/register.js] are [/resources/**]
2017-03-10 00:00:44 DEBUG WebContentInterceptor:158 - Applying default cache seconds to [/resources/viewCss/register.css]
2017-03-10 00:00:44 DEBUG SimpleUrlHandlerMapping:193 - URI Template variables for request [/resources/viewJs/register.js] are {}
2017-03-10 00:00:44 DEBUG SimpleUrlHandlerMapping:123 - Mapping [/resources/viewJs/register.js] to HandlerExecutionChain with handler [ResourceHttpRequestHandler [locations=[ServletContext resource [/resources/theam/]], resolvers=[org.springframework.web.servlet.resource.PathResourceResolver@66a8d2e5]]] and 1 interceptor
2017-03-10 00:00:44 DEBUG HttpSessionSecurityContextRepository:300 - SecurityContext is empty or contents are anonymous - context will not be stored in HttpSession.
2017-03-10 00:00:44 DEBUG DispatcherServlet:931 - Last-Modified value for [/mymess/resources/viewJs/register.js] is: -1
2017-03-10 00:00:44 DEBUG DispatcherServlet:1018 - Null ModelAndView returned to DispatcherServlet with name 'mvc-dispatcher': assuming HandlerAdapter completed request handling
2017-03-10 00:00:44 DEBUG WebContentInterceptor:146 - Looking up cache seconds for [/resources/viewJs/register.js]
2017-03-10 00:00:44 DEBUG DispatcherServlet:996 - Successfully completed request
2017-03-10 00:00:44 DEBUG WebContentInterceptor:158 - Applying default cache seconds to [/resources/viewJs/register.js]
2017-03-10 00:00:44 DEBUG ExceptionTranslationFilter:115 - Chain processed normally
2017-03-10 00:00:44 DEBUG SecurityContextPersistenceFilter:97 - SecurityContextHolder now cleared, as request processing completed
2017-03-10 00:00:44 DEBUG HttpSessionSecurityContextRepository:300 - SecurityContext is empty or contents are anonymous - context will not be stored in HttpSession.
2017-03-10 00:00:44 DEBUG DispatcherServlet:1018 - Null ModelAndView returned to DispatcherServlet with name 'mvc-dispatcher': assuming HandlerAdapter completed request handling
2017-03-10 00:00:44 DEBUG DispatcherServlet:996 - Successfully completed request
2017-03-10 00:00:44 DEBUG ExceptionTranslationFilter:115 - Chain processed normally
2017-03-10 00:00:44 DEBUG SecurityContextPersistenceFilter:97 - SecurityContextHolder now cleared, as request processing completed
2017-03-10 00:00:46 DEBUG ThreadPoolAsynchronousRunner:730 - com.mchange.v2.async.ThreadPoolAsynchronousRunner$DeadlockDetector@77ed9ada -- Running DeadlockDetector[Exiting. No pending tasks.]
2017-03-10 00:00:47 DEBUG ThreadPoolAsynchronousRunner:730 - com.mchange.v2.async.ThreadPoolAsynchronousRunner$DeadlockDetector@9010134 -- Running DeadlockDetector[Exiting. No pending tasks.]
2017-03-10 00:00:48 DEBUG FilterChainProxy:337 - /member-registration at position 1 of 12 in additional filter chain; firing Filter: 'SecurityContextPersistenceFilter'
2017-03-10 00:00:48 DEBUG HttpSessionSecurityContextRepository:148 - HttpSession returned null object for SPRING_SECURITY_CONTEXT
2017-03-10 00:00:48 DEBUG HttpSessionSecurityContextRepository:90 - No SecurityContext was available from the HttpSession: org.apache.catalina.session.StandardSessionFacade@49303167. A new one will be created.
2017-03-10 00:00:48 DEBUG FilterChainProxy:337 - /member-registration at position 2 of 12 in additional filter chain; firing Filter: 'WebAsyncManagerIntegrationFilter'
2017-03-10 00:00:48 DEBUG FilterChainProxy:337 - /member-registration at position 3 of 12 in additional filter chain; firing Filter: 'CsrfFilter'
2017-03-10 00:00:48 DEBUG FilterChainProxy:337 - /member-registration at position 4 of 12 in additional filter chain; firing Filter: 'LogoutFilter'
2017-03-10 00:00:48 DEBUG AntPathRequestMatcher:145 - Checking match of request : '/member-registration'; against '/j_spring_security_logout'
2017-03-10 00:00:48 DEBUG FilterChainProxy:337 - /member-registration at position 5 of 12 in additional filter chain; firing Filter: 'UsernamePasswordAuthenticationFilter'
2017-03-10 00:00:48 DEBUG FilterChainProxy:337 - /member-registration at position 6 of 12 in additional filter chain; firing Filter: 'BasicAuthenticationFilter'
2017-03-10 00:00:48 DEBUG FilterChainProxy:337 - /member-registration at position 7 of 12 in additional filter chain; firing Filter: 'RequestCacheAwareFilter'
2017-03-10 00:00:48 DEBUG FilterChainProxy:337 - /member-registration at position 8 of 12 in additional filter chain; firing Filter: 'SecurityContextHolderAwareRequestFilter'
2017-03-10 00:00:48 DEBUG FilterChainProxy:337 - /member-registration at position 9 of 12 in additional filter chain; firing Filter: 'AnonymousAuthenticationFilter'
2017-03-10 00:00:48 DEBUG AnonymousAuthenticationFilter:102 - Populated SecurityContextHolder with anonymous token: 'org.springframework.security.authentication.AnonymousAuthenticationToken@6fa843a8: Principal: anonymousUser; Credentials: [PROTECTED]; Authenticated: true; Details: org.springframework.security.web.authentication.WebAuthenticationDetails@fffd3270: RemoteIpAddress: 0:0:0:0:0:0:0:1; SessionId: 63D303ABF238C1196B6FF638AD41574C; Granted Authorities: ROLE_ANONYMOUS'
2017-03-10 00:00:48 DEBUG FilterChainProxy:337 - /member-registration at position 10 of 12 in additional filter chain; firing Filter: 'SessionManagementFilter'
2017-03-10 00:00:48 DEBUG FilterChainProxy:337 - /member-registration at position 11 of 12 in additional filter chain; firing Filter: 'ExceptionTranslationFilter'
2017-03-10 00:00:48 DEBUG FilterChainProxy:337 - /member-registration at position 12 of 12 in additional filter chain; firing Filter: 'FilterSecurityInterceptor'
2017-03-10 00:00:48 DEBUG AntPathRequestMatcher:145 - Checking match of request : '/member-registration'; against '/resources/**'
2017-03-10 00:00:48 DEBUG AntPathRequestMatcher:145 - Checking match of request : '/member-registration'; against '/admin**'
2017-03-10 00:00:48 DEBUG AntPathRequestMatcher:145 - Checking match of request : '/member-registration'; against '/superadmin**'
2017-03-10 00:00:48 DEBUG FilterSecurityInterceptor:185 - Public object - authentication not attempted
2017-03-10 00:00:48 DEBUG FilterChainProxy:323 - /member-registration reached end of additional filter chain; proceeding with original chain
2017-03-10 00:00:48 DEBUG DispatcherServlet:845 - DispatcherServlet with name 'mvc-dispatcher' processing POST request for [/mymess/member-registration]
2017-03-10 00:00:48 DEBUG RequestMappingHandlerMapping:297 - Looking up handler method for path /member-registration
2017-03-10 00:00:48 DEBUG RequestMappingHandlerMapping:302 - Returning handler method [public org.springframework.web.servlet.ModelAndView com.btechnoserve.mymess.controller.web.registration.RegistrationController.doMemberRegistration(com.btechnoserve.mymess.model.User,org.springframework.validation.BindingResult,org.springframework.ui.Model)]
2017-03-10 00:00:48 DEBUG DefaultListableBeanFactory:248 - Returning cached instance of singleton bean 'registrationController'
2017-03-10 00:00:48 DEBUG WebContentInterceptor:146 - Looking up cache seconds for [/member-registration]
2017-03-10 00:00:48 DEBUG WebContentInterceptor:158 - Applying default cache seconds to [/member-registration]
2017-03-10 00:00:48 INFO  RegistrationController:45 - User [userId=null, email=, mobileNumber=, password=, enabled=false, userRole=null, userInfo=[userInfoId=null, firstName=, middleName=null, lastName=, registrationDate=null, imagePath=null]]
2017-03-10 00:00:48 DEBUG DispatcherServlet:1225 - Rendering view [org.springframework.web.servlet.view.JstlView: name 'member-registration'; URL [/WEB-INF/views/member-registration.jsp]] in DispatcherServlet with name 'mvc-dispatcher'
2017-03-10 00:00:48 DEBUG JstlView:432 - Added model object 'member' of type [com.btechnoserve.mymess.model.User] to request in view with name 'member-registration'
2017-03-10 00:00:48 DEBUG JstlView:432 - Added model object 'org.springframework.validation.BindingResult.member' of type [org.springframework.validation.BeanPropertyBindingResult] to request in view with name 'member-registration'
2017-03-10 00:00:48 DEBUG DefaultListableBeanFactory:248 - Returning cached instance of singleton bean 'requestDataValueProcessor'
2017-03-10 00:00:48 DEBUG JstlView:166 - Forwarding to resource [/WEB-INF/views/member-registration.jsp] in InternalResourceView 'member-registration'
2017-03-10 00:00:48 DEBUG DefaultListableBeanFactory:248 - Returning cached instance of singleton bean 'requestDataValueProcessor'
2017-03-10 00:00:48 WARN  ResourceBundleMessageSource:291 - ResourceBundle [classpath:messages/validation] not found for MessageSource: Can't find bundle for base name classpath:messages/validation, locale en_US
2017-03-10 00:00:48 WARN  ResourceBundleMessageSource:291 - ResourceBundle [classpath:messages/validation] not found for MessageSource: Can't find bundle for base name classpath:messages/validation, locale en_US
2017-03-10 00:00:48 WARN  ResourceBundleMessageSource:291 - ResourceBundle [classpath:messages/validation] not found for MessageSource: Can't find bundle for base name classpath:messages/validation, locale en_US
2017-03-10 00:00:48 WARN  ResourceBundleMessageSource:291 - ResourceBundle [classpath:messages/validation] not found for MessageSource: Can't find bundle for base name classpath:messages/validation, locale en_US
2017-03-10 00:00:48 WARN  ResourceBundleMessageSource:291 - ResourceBundle [classpath:messages/validation] not found for MessageSource: Can't find bundle for base name classpath:messages/validation, locale en_US
2017-03-10 00:00:48 WARN  ResourceBundleMessageSource:291 - ResourceBundle [classpath:messages/validation] not found for MessageSource: Can't find bundle for base name classpath:messages/validation, locale en_US
2017-03-10 00:00:48 WARN  ResourceBundleMessageSource:291 - ResourceBundle [classpath:messages/validation] not found for MessageSource: Can't find bundle for base name classpath:messages/validation, locale en_US
2017-03-10 00:00:48 WARN  ResourceBundleMessageSource:291 - ResourceBundle [classpath:messages/validation] not found for MessageSource: Can't find bundle for base name classpath:messages/validation, locale en_US
2017-03-10 00:00:48 ERROR ErrorsTag:87 - No message found under code 'NotEmpty.userForm.email' for locale 'en_US'.
org.springframework.context.NoSuchMessageException: No message found under code 'NotEmpty.userForm.email' for locale 'en_US'.
	at org.springframework.context.support.AbstractMessageSource.getMessage(AbstractMessageSource.java:186)
	at org.springframework.context.support.AbstractApplicationContext.getMessage(AbstractApplicationContext.java:1127)
	at org.springframework.web.servlet.support.RequestContext.getMessage(RequestContext.java:734)
	at org.springframework.web.servlet.support.BindStatus.initErrorMessages(BindStatus.java:181)
	at org.springframework.web.servlet.support.BindStatus.getErrorMessages(BindStatus.java:277)
	at org.springframework.web.servlet.tags.form.ErrorsTag.exposeAttributes(ErrorsTag.java:174)
	at org.springframework.web.servlet.tags.form.AbstractHtmlElementBodyTag.writeTagContent(AbstractHtmlElementBodyTag.java:48)
	at org.springframework.web.servlet.tags.form.AbstractFormTag.doStartTagInternal(AbstractFormTag.java:84)
	at org.springframework.web.servlet.tags.RequestContextAwareTag.doStartTag(RequestContextAwareTag.java:80)
	at org.apache.jsp.WEB_002dINF.views.member_002dregistration_jsp._jspService(member_002dregistration_jsp.java:198)
	at org.apache.jasper.runtime.HttpJspBase.service(HttpJspBase.java:70)
	at javax.servlet.http.HttpServlet.service(HttpServlet.java:729)
	at org.apache.jasper.servlet.JspServletWrapper.service(JspServletWrapper.java:438)
	at org.apache.jasper.servlet.JspServlet.serviceJspFile(JspServlet.java:396)
	at org.apache.jasper.servlet.JspServlet.service(JspServlet.java:340)
	at javax.servlet.http.HttpServlet.service(HttpServlet.java:729)
	at org.apache.catalina.core.ApplicationFilterChain.internalDoFilter(ApplicationFilterChain.java:291)
	at org.apache.catalina.core.ApplicationFilterChain.doFilter(ApplicationFilterChain.java:206)
	at org.apache.tomcat.websocket.server.WsFilter.doFilter(WsFilter.java:52)
	at org.apache.catalina.core.ApplicationFilterChain.internalDoFilter(ApplicationFilterChain.java:239)
	at org.apache.catalina.core.ApplicationFilterChain.doFilter(ApplicationFilterChain.java:206)
	at org.apache.catalina.core.ApplicationDispatcher.invoke(ApplicationDispatcher.java:720)
	at org.apache.catalina.core.ApplicationDispatcher.processRequest(ApplicationDispatcher.java:466)
	at org.apache.catalina.core.ApplicationDispatcher.doForward(ApplicationDispatcher.java:391)
	at org.apache.catalina.core.ApplicationDispatcher.forward(ApplicationDispatcher.java:318)
	at org.springframework.web.servlet.view.InternalResourceView.renderMergedOutputModel(InternalResourceView.java:168)
	at org.springframework.web.servlet.view.AbstractView.render(AbstractView.java:303)
	at org.springframework.web.servlet.DispatcherServlet.render(DispatcherServlet.java:1228)
	at org.springframework.web.servlet.DispatcherServlet.processDispatchResult(DispatcherServlet.java:1011)
	at org.springframework.web.servlet.DispatcherServlet.doDispatch(DispatcherServlet.java:955)
	at org.springframework.web.servlet.DispatcherServlet.doService(DispatcherServlet.java:877)
	at org.springframework.web.servlet.FrameworkServlet.processRequest(FrameworkServlet.java:966)
	at org.springframework.web.servlet.FrameworkServlet.doPost(FrameworkServlet.java:868)
	at javax.servlet.http.HttpServlet.service(HttpServlet.java:648)
	at org.springframework.web.servlet.FrameworkServlet.service(FrameworkServlet.java:842)
	at javax.servlet.http.HttpServlet.service(HttpServlet.java:729)
	at org.apache.catalina.core.ApplicationFilterChain.internalDoFilter(ApplicationFilterChain.java:291)
	at org.apache.catalina.core.ApplicationFilterChain.doFilter(ApplicationFilterChain.java:206)
	at org.apache.tomcat.websocket.server.WsFilter.doFilter(WsFilter.java:52)
	at org.apache.catalina.core.ApplicationFilterChain.internalDoFilter(ApplicationFilterChain.java:239)
	at org.apache.catalina.core.ApplicationFilterChain.doFilter(ApplicationFilterChain.java:206)
	at org.springframework.security.web.FilterChainProxy$VirtualFilterChain.doFilter(FilterChainProxy.java:330)
	at org.springframework.security.web.access.intercept.FilterSecurityInterceptor.invoke(FilterSecurityInterceptor.java:118)
	at org.springframework.security.web.access.intercept.FilterSecurityInterceptor.doFilter(FilterSecurityInterceptor.java:84)
	at org.springframework.security.web.FilterChainProxy$VirtualFilterChain.doFilter(FilterChainProxy.java:342)
	at org.springframework.security.web.access.ExceptionTranslationFilter.doFilter(ExceptionTranslationFilter.java:113)
	at org.springframework.security.web.FilterChainProxy$VirtualFilterChain.doFilter(FilterChainProxy.java:342)
	at org.springframework.security.web.session.SessionManagementFilter.doFilter(SessionManagementFilter.java:103)
	at org.springframework.security.web.FilterChainProxy$VirtualFilterChain.doFilter(FilterChainProxy.java:342)
	at org.springframework.security.web.authentication.AnonymousAuthenticationFilter.doFilter(AnonymousAuthenticationFilter.java:113)
	at org.springframework.security.web.FilterChainProxy$VirtualFilterChain.doFilter(FilterChainProxy.java:342)
	at org.springframework.security.web.servletapi.SecurityContextHolderAwareRequestFilter.doFilter(SecurityContextHolderAwareRequestFilter.java:154)
	at org.springframework.security.web.FilterChainProxy$VirtualFilterChain.doFilter(FilterChainProxy.java:342)
	at org.springframework.security.web.savedrequest.RequestCacheAwareFilter.doFilter(RequestCacheAwareFilter.java:45)
	at org.springframework.security.web.FilterChainProxy$VirtualFilterChain.doFilter(FilterChainProxy.java:342)
	at org.springframework.security.web.authentication.www.BasicAuthenticationFilter.doFilter(BasicAuthenticationFilter.java:150)
	at org.springframework.security.web.FilterChainProxy$VirtualFilterChain.doFilter(FilterChainProxy.java:342)
	at org.springframework.security.web.authentication.AbstractAuthenticationProcessingFilter.doFilter(AbstractAuthenticationProcessingFilter.java:199)
	at org.springframework.security.web.FilterChainProxy$VirtualFilterChain.doFilter(FilterChainProxy.java:342)
	at org.springframework.security.web.authentication.logout.LogoutFilter.doFilter(LogoutFilter.java:110)
	at org.springframework.security.web.FilterChainProxy$VirtualFilterChain.doFilter(FilterChainProxy.java:342)
	at org.springframework.security.web.csrf.CsrfFilter.doFilterInternal(CsrfFilter.java:105)
	at org.springframework.web.filter.OncePerRequestFilter.doFilter(OncePerRequestFilter.java:107)
	at org.springframework.security.web.FilterChainProxy$VirtualFilterChain.doFilter(FilterChainProxy.java:342)
	at org.springframework.security.web.context.request.async.WebAsyncManagerIntegrationFilter.doFilterInternal(WebAsyncManagerIntegrationFilter.java:50)
	at org.springframework.web.filter.OncePerRequestFilter.doFilter(OncePerRequestFilter.java:107)
	at org.springframework.security.web.FilterChainProxy$VirtualFilterChain.doFilter(FilterChainProxy.java:342)
	at org.springframework.security.web.context.SecurityContextPersistenceFilter.doFilter(SecurityContextPersistenceFilter.java:87)
	at org.springframework.security.web.FilterChainProxy$VirtualFilterChain.doFilter(FilterChainProxy.java:342)
	at org.springframework.security.web.FilterChainProxy.doFilterInternal(FilterChainProxy.java:192)
	at org.springframework.security.web.FilterChainProxy.doFilter(FilterChainProxy.java:160)
	at org.springframework.web.filter.DelegatingFilterProxy.invokeDelegate(DelegatingFilterProxy.java:344)
	at org.springframework.web.filter.DelegatingFilterProxy.doFilter(DelegatingFilterProxy.java:261)
	at org.apache.catalina.core.ApplicationFilterChain.internalDoFilter(ApplicationFilterChain.java:239)
	at org.apache.catalina.core.ApplicationFilterChain.doFilter(ApplicationFilterChain.java:206)
	at org.apache.catalina.core.StandardWrapperValve.invoke(StandardWrapperValve.java:217)
	at org.apache.catalina.core.StandardContextValve.invoke(StandardContextValve.java:106)
	at org.apache.catalina.authenticator.AuthenticatorBase.invoke(AuthenticatorBase.java:502)
	at org.apache.catalina.core.StandardHostValve.invoke(StandardHostValve.java:142)
	at org.apache.catalina.valves.ErrorReportValve.invoke(ErrorReportValve.java:79)
	at org.apache.catalina.valves.AbstractAccessLogValve.invoke(AbstractAccessLogValve.java:616)
	at org.apache.catalina.core.StandardEngineValve.invoke(StandardEngineValve.java:88)
	at org.apache.catalina.connector.CoyoteAdapter.service(CoyoteAdapter.java:518)
	at org.apache.coyote.http11.AbstractHttp11Processor.process(AbstractHttp11Processor.java:1091)
	at org.apache.coyote.AbstractProtocol$AbstractConnectionHandler.process(AbstractProtocol.java:673)
	at org.apache.tomcat.util.net.NioEndpoint$SocketProcessor.doRun(NioEndpoint.java:1500)
	at org.apache.tomcat.util.net.NioEndpoint$SocketProcessor.run(NioEndpoint.java:1456)
	at java.util.concurrent.ThreadPoolExecutor.runWorker(ThreadPoolExecutor.java:1142)
	at java.util.concurrent.ThreadPoolExecutor$Worker.run(ThreadPoolExecutor.java:617)
	at org.apache.tomcat.util.threads.TaskThread$WrappingRunnable.run(TaskThread.java:61)
	at java.lang.Thread.run(Thread.java:745)
2017-03-10 00:00:48 DEBUG DispatcherServlet:1232 - Error rendering view [org.springframework.web.servlet.view.JstlView: name 'member-registration'; URL [/WEB-INF/views/member-registration.jsp]] in DispatcherServlet with name 'mvc-dispatcher'
org.apache.jasper.JasperException: org.springframework.context.NoSuchMessageException: No message found under code 'NotEmpty.userForm.email' for locale 'en_US'.
	at org.apache.jasper.servlet.JspServletWrapper.handleJspException(JspServletWrapper.java:555)
	at org.apache.jasper.servlet.JspServletWrapper.service(JspServletWrapper.java:476)
	at org.apache.jasper.servlet.JspServlet.serviceJspFile(JspServlet.java:396)
	at org.apache.jasper.servlet.JspServlet.service(JspServlet.java:340)
	at javax.servlet.http.HttpServlet.service(HttpServlet.java:729)
	at org.apache.catalina.core.ApplicationFilterChain.internalDoFilter(ApplicationFilterChain.java:291)
	at org.apache.catalina.core.ApplicationFilterChain.doFilter(ApplicationFilterChain.java:206)
	at org.apache.tomcat.websocket.server.WsFilter.doFilter(WsFilter.java:52)
	at org.apache.catalina.core.ApplicationFilterChain.internalDoFilter(ApplicationFilterChain.java:239)
	at org.apache.catalina.core.ApplicationFilterChain.doFilter(ApplicationFilterChain.java:206)
	at org.apache.catalina.core.ApplicationDispatcher.invoke(ApplicationDispatcher.java:720)
	at org.apache.catalina.core.ApplicationDispatcher.processRequest(ApplicationDispatcher.java:466)
	at org.apache.catalina.core.ApplicationDispatcher.doForward(ApplicationDispatcher.java:391)
	at org.apache.catalina.core.ApplicationDispatcher.forward(ApplicationDispatcher.java:318)
	at org.springframework.web.servlet.view.InternalResourceView.renderMergedOutputModel(InternalResourceView.java:168)
	at org.springframework.web.servlet.view.AbstractView.render(AbstractView.java:303)
	at org.springframework.web.servlet.DispatcherServlet.render(DispatcherServlet.java:1228)
	at org.springframework.web.servlet.DispatcherServlet.processDispatchResult(DispatcherServlet.java:1011)
	at org.springframework.web.servlet.DispatcherServlet.doDispatch(DispatcherServlet.java:955)
	at org.springframework.web.servlet.DispatcherServlet.doService(DispatcherServlet.java:877)
	at org.springframework.web.servlet.FrameworkServlet.processRequest(FrameworkServlet.java:966)
	at org.springframework.web.servlet.FrameworkServlet.doPost(FrameworkServlet.java:868)
	at javax.servlet.http.HttpServlet.service(HttpServlet.java:648)
	at org.springframework.web.servlet.FrameworkServlet.service(FrameworkServlet.java:842)
	at javax.servlet.http.HttpServlet.service(HttpServlet.java:729)
	at org.apache.catalina.core.ApplicationFilterChain.internalDoFilter(ApplicationFilterChain.java:291)
	at org.apache.catalina.core.ApplicationFilterChain.doFilter(ApplicationFilterChain.java:206)
	at org.apache.tomcat.websocket.server.WsFilter.doFilter(WsFilter.java:52)
	at org.apache.catalina.core.ApplicationFilterChain.internalDoFilter(ApplicationFilterChain.java:239)
	at org.apache.catalina.core.ApplicationFilterChain.doFilter(ApplicationFilterChain.java:206)
	at org.springframework.security.web.FilterChainProxy$VirtualFilterChain.doFilter(FilterChainProxy.java:330)
	at org.springframework.security.web.access.intercept.FilterSecurityInterceptor.invoke(FilterSecurityInterceptor.java:118)
	at org.springframework.security.web.access.intercept.FilterSecurityInterceptor.doFilter(FilterSecurityInterceptor.java:84)
	at org.springframework.security.web.FilterChainProxy$VirtualFilterChain.doFilter(FilterChainProxy.java:342)
	at org.springframework.security.web.access.ExceptionTranslationFilter.doFilter(ExceptionTranslationFilter.java:113)
	at org.springframework.security.web.FilterChainProxy$VirtualFilterChain.doFilter(FilterChainProxy.java:342)
	at org.springframework.security.web.session.SessionManagementFilter.doFilter(SessionManagementFilter.java:103)
	at org.springframework.security.web.FilterChainProxy$VirtualFilterChain.doFilter(FilterChainProxy.java:342)
	at org.springframework.security.web.authentication.AnonymousAuthenticationFilter.doFilter(AnonymousAuthenticationFilter.java:113)
	at org.springframework.security.web.FilterChainProxy$VirtualFilterChain.doFilter(FilterChainProxy.java:342)
	at org.springframework.security.web.servletapi.SecurityContextHolderAwareRequestFilter.doFilter(SecurityContextHolderAwareRequestFilter.java:154)
	at org.springframework.security.web.FilterChainProxy$VirtualFilterChain.doFilter(FilterChainProxy.java:342)
	at org.springframework.security.web.savedrequest.RequestCacheAwareFilter.doFilter(RequestCacheAwareFilter.java:45)
	at org.springframework.security.web.FilterChainProxy$VirtualFilterChain.doFilter(FilterChainProxy.java:342)
	at org.springframework.security.web.authentication.www.BasicAuthenticationFilter.doFilter(BasicAuthenticationFilter.java:150)
	at org.springframework.security.web.FilterChainProxy$VirtualFilterChain.doFilter(FilterChainProxy.java:342)
	at org.springframework.security.web.authentication.AbstractAuthenticationProcessingFilter.doFilter(AbstractAuthenticationProcessingFilter.java:199)
	at org.springframework.security.web.FilterChainProxy$VirtualFilterChain.doFilter(FilterChainProxy.java:342)
	at org.springframework.security.web.authentication.logout.LogoutFilter.doFilter(LogoutFilter.java:110)
	at org.springframework.security.web.FilterChainProxy$VirtualFilterChain.doFilter(FilterChainProxy.java:342)
	at org.springframework.security.web.csrf.CsrfFilter.doFilterInternal(CsrfFilter.java:105)
	at org.springframework.web.filter.OncePerRequestFilter.doFilter(OncePerRequestFilter.java:107)
	at org.springframework.security.web.FilterChainProxy$VirtualFilterChain.doFilter(FilterChainProxy.java:342)
	at org.springframework.security.web.context.request.async.WebAsyncManagerIntegrationFilter.doFilterInternal(WebAsyncManagerIntegrationFilter.java:50)
	at org.springframework.web.filter.OncePerRequestFilter.doFilter(OncePerRequestFilter.java:107)
	at org.springframework.security.web.FilterChainProxy$VirtualFilterChain.doFilter(FilterChainProxy.java:342)
	at org.springframework.security.web.context.SecurityContextPersistenceFilter.doFilter(SecurityContextPersistenceFilter.java:87)
	at org.springframework.security.web.FilterChainProxy$VirtualFilterChain.doFilter(FilterChainProxy.java:342)
	at org.springframework.security.web.FilterChainProxy.doFilterInternal(FilterChainProxy.java:192)
	at org.springframework.security.web.FilterChainProxy.doFilter(FilterChainProxy.java:160)
	at org.springframework.web.filter.DelegatingFilterProxy.invokeDelegate(DelegatingFilterProxy.java:344)
	at org.springframework.web.filter.DelegatingFilterProxy.doFilter(DelegatingFilterProxy.java:261)
	at org.apache.catalina.core.ApplicationFilterChain.internalDoFilter(ApplicationFilterChain.java:239)
	at org.apache.catalina.core.ApplicationFilterChain.doFilter(ApplicationFilterChain.java:206)
	at org.apache.catalina.core.StandardWrapperValve.invoke(StandardWrapperValve.java:217)
	at org.apache.catalina.core.StandardContextValve.invoke(StandardContextValve.java:106)
	at org.apache.catalina.authenticator.AuthenticatorBase.invoke(AuthenticatorBase.java:502)
	at org.apache.catalina.core.StandardHostValve.invoke(StandardHostValve.java:142)
	at org.apache.catalina.valves.ErrorReportValve.invoke(ErrorReportValve.java:79)
	at org.apache.catalina.valves.AbstractAccessLogValve.invoke(AbstractAccessLogValve.java:616)
	at org.apache.catalina.core.StandardEngineValve.invoke(StandardEngineValve.java:88)
	at org.apache.catalina.connector.CoyoteAdapter.service(CoyoteAdapter.java:518)
	at org.apache.coyote.http11.AbstractHttp11Processor.process(AbstractHttp11Processor.java:1091)
	at org.apache.coyote.AbstractProtocol$AbstractConnectionHandler.process(AbstractProtocol.java:673)
	at org.apache.tomcat.util.net.NioEndpoint$SocketProcessor.doRun(NioEndpoint.java:1500)
	at org.apache.tomcat.util.net.NioEndpoint$SocketProcessor.run(NioEndpoint.java:1456)
	at java.util.concurrent.ThreadPoolExecutor.runWorker(ThreadPoolExecutor.java:1142)
	at java.util.concurrent.ThreadPoolExecutor$Worker.run(ThreadPoolExecutor.java:617)
	at org.apache.tomcat.util.threads.TaskThread$WrappingRunnable.run(TaskThread.java:61)
	at java.lang.Thread.run(Thread.java:745)
Caused by: org.springframework.context.NoSuchMessageException: No message found under code 'NotEmpty.userForm.email' for locale 'en_US'.
	at org.springframework.context.support.AbstractMessageSource.getMessage(AbstractMessageSource.java:186)
	at org.springframework.context.support.AbstractApplicationContext.getMessage(AbstractApplicationContext.java:1127)
	at org.springframework.web.servlet.support.RequestContext.getMessage(RequestContext.java:734)
	at org.springframework.web.servlet.support.BindStatus.initErrorMessages(BindStatus.java:181)
	at org.springframework.web.servlet.support.BindStatus.getErrorMessages(BindStatus.java:277)
	at org.springframework.web.servlet.tags.form.ErrorsTag.exposeAttributes(ErrorsTag.java:174)
	at org.springframework.web.servlet.tags.form.AbstractHtmlElementBodyTag.writeTagContent(AbstractHtmlElementBodyTag.java:48)
	at org.springframework.web.servlet.tags.form.AbstractFormTag.doStartTagInternal(AbstractFormTag.java:84)
	at org.springframework.web.servlet.tags.RequestContextAwareTag.doStartTag(RequestContextAwareTag.java:80)
	at org.apache.jsp.WEB_002dINF.views.member_002dregistration_jsp._jspService(member_002dregistration_jsp.java:198)
	at org.apache.jasper.runtime.HttpJspBase.service(HttpJspBase.java:70)
	at javax.servlet.http.HttpServlet.service(HttpServlet.java:729)
	at org.apache.jasper.servlet.JspServletWrapper.service(JspServletWrapper.java:438)
	... 78 more
2017-03-10 00:00:48 DEBUG DispatcherServlet:989 - Could not complete request
org.apache.jasper.JasperException: org.springframework.context.NoSuchMessageException: No message found under code 'NotEmpty.userForm.email' for locale 'en_US'.
	at org.apache.jasper.servlet.JspServletWrapper.handleJspException(JspServletWrapper.java:555)
	at org.apache.jasper.servlet.JspServletWrapper.service(JspServletWrapper.java:476)
	at org.apache.jasper.servlet.JspServlet.serviceJspFile(JspServlet.java:396)
	at org.apache.jasper.servlet.JspServlet.service(JspServlet.java:340)
	at javax.servlet.http.HttpServlet.service(HttpServlet.java:729)
	at org.apache.catalina.core.ApplicationFilterChain.internalDoFilter(ApplicationFilterChain.java:291)
	at org.apache.catalina.core.ApplicationFilterChain.doFilter(ApplicationFilterChain.java:206)
	at org.apache.tomcat.websocket.server.WsFilter.doFilter(WsFilter.java:52)
	at org.apache.catalina.core.ApplicationFilterChain.internalDoFilter(ApplicationFilterChain.java:239)
	at org.apache.catalina.core.ApplicationFilterChain.doFilter(ApplicationFilterChain.java:206)
	at org.apache.catalina.core.ApplicationDispatcher.invoke(ApplicationDispatcher.java:720)
	at org.apache.catalina.core.ApplicationDispatcher.processRequest(ApplicationDispatcher.java:466)
	at org.apache.catalina.core.ApplicationDispatcher.doForward(ApplicationDispatcher.java:391)
	at org.apache.catalina.core.ApplicationDispatcher.forward(ApplicationDispatcher.java:318)
	at org.springframework.web.servlet.view.InternalResourceView.renderMergedOutputModel(InternalResourceView.java:168)
	at org.springframework.web.servlet.view.AbstractView.render(AbstractView.java:303)
	at org.springframework.web.servlet.DispatcherServlet.render(DispatcherServlet.java:1228)
	at org.springframework.web.servlet.DispatcherServlet.processDispatchResult(DispatcherServlet.java:1011)
	at org.springframework.web.servlet.DispatcherServlet.doDispatch(DispatcherServlet.java:955)
	at org.springframework.web.servlet.DispatcherServlet.doService(DispatcherServlet.java:877)
	at org.springframework.web.servlet.FrameworkServlet.processRequest(FrameworkServlet.java:966)
	at org.springframework.web.servlet.FrameworkServlet.doPost(FrameworkServlet.java:868)
	at javax.servlet.http.HttpServlet.service(HttpServlet.java:648)
	at org.springframework.web.servlet.FrameworkServlet.service(FrameworkServlet.java:842)
	at javax.servlet.http.HttpServlet.service(HttpServlet.java:729)
	at org.apache.catalina.core.ApplicationFilterChain.internalDoFilter(ApplicationFilterChain.java:291)
	at org.apache.catalina.core.ApplicationFilterChain.doFilter(ApplicationFilterChain.java:206)
	at org.apache.tomcat.websocket.server.WsFilter.doFilter(WsFilter.java:52)
	at org.apache.catalina.core.ApplicationFilterChain.internalDoFilter(ApplicationFilterChain.java:239)
	at org.apache.catalina.core.ApplicationFilterChain.doFilter(ApplicationFilterChain.java:206)
	at org.springframework.security.web.FilterChainProxy$VirtualFilterChain.doFilter(FilterChainProxy.java:330)
	at org.springframework.security.web.access.intercept.FilterSecurityInterceptor.invoke(FilterSecurityInterceptor.java:118)
	at org.springframework.security.web.access.intercept.FilterSecurityInterceptor.doFilter(FilterSecurityInterceptor.java:84)
	at org.springframework.security.web.FilterChainProxy$VirtualFilterChain.doFilter(FilterChainProxy.java:342)
	at org.springframework.security.web.access.ExceptionTranslationFilter.doFilter(ExceptionTranslationFilter.java:113)
	at org.springframework.security.web.FilterChainProxy$VirtualFilterChain.doFilter(FilterChainProxy.java:342)
	at org.springframework.security.web.session.SessionManagementFilter.doFilter(SessionManagementFilter.java:103)
	at org.springframework.security.web.FilterChainProxy$VirtualFilterChain.doFilter(FilterChainProxy.java:342)
	at org.springframework.security.web.authentication.AnonymousAuthenticationFilter.doFilter(AnonymousAuthenticationFilter.java:113)
	at org.springframework.security.web.FilterChainProxy$VirtualFilterChain.doFilter(FilterChainProxy.java:342)
	at org.springframework.security.web.servletapi.SecurityContextHolderAwareRequestFilter.doFilter(SecurityContextHolderAwareRequestFilter.java:154)
	at org.springframework.security.web.FilterChainProxy$VirtualFilterChain.doFilter(FilterChainProxy.java:342)
	at org.springframework.security.web.savedrequest.RequestCacheAwareFilter.doFilter(RequestCacheAwareFilter.java:45)
	at org.springframework.security.web.FilterChainProxy$VirtualFilterChain.doFilter(FilterChainProxy.java:342)
	at org.springframework.security.web.authentication.www.BasicAuthenticationFilter.doFilter(BasicAuthenticationFilter.java:150)
	at org.springframework.security.web.FilterChainProxy$VirtualFilterChain.doFilter(FilterChainProxy.java:342)
	at org.springframework.security.web.authentication.AbstractAuthenticationProcessingFilter.doFilter(AbstractAuthenticationProcessingFilter.java:199)
	at org.springframework.security.web.FilterChainProxy$VirtualFilterChain.doFilter(FilterChainProxy.java:342)
	at org.springframework.security.web.authentication.logout.LogoutFilter.doFilter(LogoutFilter.java:110)
	at org.springframework.security.web.FilterChainProxy$VirtualFilterChain.doFilter(FilterChainProxy.java:342)
	at org.springframework.security.web.csrf.CsrfFilter.doFilterInternal(CsrfFilter.java:105)
	at org.springframework.web.filter.OncePerRequestFilter.doFilter(OncePerRequestFilter.java:107)
	at org.springframework.security.web.FilterChainProxy$VirtualFilterChain.doFilter(FilterChainProxy.java:342)
	at org.springframework.security.web.context.request.async.WebAsyncManagerIntegrationFilter.doFilterInternal(WebAsyncManagerIntegrationFilter.java:50)
	at org.springframework.web.filter.OncePerRequestFilter.doFilter(OncePerRequestFilter.java:107)
	at org.springframework.security.web.FilterChainProxy$VirtualFilterChain.doFilter(FilterChainProxy.java:342)
	at org.springframework.security.web.context.SecurityContextPersistenceFilter.doFilter(SecurityContextPersistenceFilter.java:87)
	at org.springframework.security.web.FilterChainProxy$VirtualFilterChain.doFilter(FilterChainProxy.java:342)
	at org.springframework.security.web.FilterChainProxy.doFilterInternal(FilterChainProxy.java:192)
	at org.springframework.security.web.FilterChainProxy.doFilter(FilterChainProxy.java:160)
	at org.springframework.web.filter.DelegatingFilterProxy.invokeDelegate(DelegatingFilterProxy.java:344)
	at org.springframework.web.filter.DelegatingFilterProxy.doFilter(DelegatingFilterProxy.java:261)
	at org.apache.catalina.core.ApplicationFilterChain.internalDoFilter(ApplicationFilterChain.java:239)
	at org.apache.catalina.core.ApplicationFilterChain.doFilter(ApplicationFilterChain.java:206)
	at org.apache.catalina.core.StandardWrapperValve.invoke(StandardWrapperValve.java:217)
	at org.apache.catalina.core.StandardContextValve.invoke(StandardContextValve.java:106)
	at org.apache.catalina.authenticator.AuthenticatorBase.invoke(AuthenticatorBase.java:502)
	at org.apache.catalina.core.StandardHostValve.invoke(StandardHostValve.java:142)
	at org.apache.catalina.valves.ErrorReportValve.invoke(ErrorReportValve.java:79)
	at org.apache.catalina.valves.AbstractAccessLogValve.invoke(AbstractAccessLogValve.java:616)
	at org.apache.catalina.core.StandardEngineValve.invoke(StandardEngineValve.java:88)
	at org.apache.catalina.connector.CoyoteAdapter.service(CoyoteAdapter.java:518)
	at org.apache.coyote.http11.AbstractHttp11Processor.process(AbstractHttp11Processor.java:1091)
	at org.apache.coyote.AbstractProtocol$AbstractConnectionHandler.process(AbstractProtocol.java:673)
	at org.apache.tomcat.util.net.NioEndpoint$SocketProcessor.doRun(NioEndpoint.java:1500)
	at org.apache.tomcat.util.net.NioEndpoint$SocketProcessor.run(NioEndpoint.java:1456)
	at java.util.concurrent.ThreadPoolExecutor.runWorker(ThreadPoolExecutor.java:1142)
	at java.util.concurrent.ThreadPoolExecutor$Worker.run(ThreadPoolExecutor.java:617)
	at org.apache.tomcat.util.threads.TaskThread$WrappingRunnable.run(TaskThread.java:61)
	at java.lang.Thread.run(Thread.java:745)
Caused by: org.springframework.context.NoSuchMessageException: No message found under code 'NotEmpty.userForm.email' for locale 'en_US'.
	at org.springframework.context.support.AbstractMessageSource.getMessage(AbstractMessageSource.java:186)
	at org.springframework.context.support.AbstractApplicationContext.getMessage(AbstractApplicationContext.java:1127)
	at org.springframework.web.servlet.support.RequestContext.getMessage(RequestContext.java:734)
	at org.springframework.web.servlet.support.BindStatus.initErrorMessages(BindStatus.java:181)
	at org.springframework.web.servlet.support.BindStatus.getErrorMessages(BindStatus.java:277)
	at org.springframework.web.servlet.tags.form.ErrorsTag.exposeAttributes(ErrorsTag.java:174)
	at org.springframework.web.servlet.tags.form.AbstractHtmlElementBodyTag.writeTagContent(AbstractHtmlElementBodyTag.java:48)
	at org.springframework.web.servlet.tags.form.AbstractFormTag.doStartTagInternal(AbstractFormTag.java:84)
	at org.springframework.web.servlet.tags.RequestContextAwareTag.doStartTag(RequestContextAwareTag.java:80)
	at org.apache.jsp.WEB_002dINF.views.member_002dregistration_jsp._jspService(member_002dregistration_jsp.java:198)
	at org.apache.jasper.runtime.HttpJspBase.service(HttpJspBase.java:70)
	at javax.servlet.http.HttpServlet.service(HttpServlet.java:729)
	at org.apache.jasper.servlet.JspServletWrapper.service(JspServletWrapper.java:438)
	... 78 more
2017-03-10 00:00:48 DEBUG HttpSessionSecurityContextRepository:300 - SecurityContext is empty or contents are anonymous - context will not be stored in HttpSession.
2017-03-10 00:00:48 DEBUG SecurityContextPersistenceFilter:97 - SecurityContextHolder now cleared, as request processing completed
2017-03-10 00:00:56 DEBUG ThreadPoolAsynchronousRunner:730 - com.mchange.v2.async.ThreadPoolAsynchronousRunner$DeadlockDetector@77ed9ada -- Running DeadlockDetector[Exiting. No pending tasks.]
2017-03-10 00:00:57 DEBUG ThreadPoolAsynchronousRunner:730 - com.mchange.v2.async.ThreadPoolAsynchronousRunner$DeadlockDetector@9010134 -- Running DeadlockDetector[Exiting. No pending tasks.]
2017-03-10 00:01:06 DEBUG ThreadPoolAsynchronousRunner:730 - com.mchange.v2.async.ThreadPoolAsynchronousRunner$DeadlockDetector@77ed9ada -- Running DeadlockDetector[Exiting. No pending tasks.]
2017-03-10 00:01:07 DEBUG ThreadPoolAsynchronousRunner:730 - com.mchange.v2.async.ThreadPoolAsynchronousRunner$DeadlockDetector@9010134 -- Running DeadlockDetector[Exiting. No pending tasks.]
2017-03-10 00:01:16 DEBUG ThreadPoolAsynchronousRunner:730 - com.mchange.v2.async.ThreadPoolAsynchronousRunner$DeadlockDetector@77ed9ada -- Running DeadlockDetector[Exiting. No pending tasks.]
2017-03-10 00:01:17 DEBUG ThreadPoolAsynchronousRunner:730 - com.mchange.v2.async.ThreadPoolAsynchronousRunner$DeadlockDetector@9010134 -- Running DeadlockDetector[Exiting. No pending tasks.]
2017-03-10 00:01:26 DEBUG ThreadPoolAsynchronousRunner:730 - com.mchange.v2.async.ThreadPoolAsynchronousRunner$DeadlockDetector@77ed9ada -- Running DeadlockDetector[Exiting. No pending tasks.]
2017-03-10 00:01:27 DEBUG ThreadPoolAsynchronousRunner:730 - com.mchange.v2.async.ThreadPoolAsynchronousRunner$DeadlockDetector@9010134 -- Running DeadlockDetector[Exiting. No pending tasks.]
